测速日志 2026-06-10 15:53:28
速度阈值: 140KB/s
去重功能: 已启用
EPG源: https://gh-proxy.com/https://raw.githubusercontent.com/adminouyang/231006/refs/heads/main/py/TV/EPG/epg.xml
[2026-06-10 15:53:36] ⚠️ 仅读取 9.2KB 数据: http://kakaxi.indevs.in/Disclaimer.mp4
[2026-06-10 15:53:36] ✅ 测速成功: http://kakaxi.indevs.in/Disclaimer.mp4
   速度: 9159.18KB/s > 140KB/s | 数据量: 9.2KB | 总耗时: 0.41s
[2026-06-10 15:53:38] ⚠️ 仅读取 9.9KB 数据: http://182.61.15.47:80/608807420
[2026-06-10 15:53:38] ⚠️ 速度不足: http://182.61.15.47:80/608807420
   速度: 9.91KB/s <= 140KB/s | 数据量: 9.9KB | 总耗时: 1.41s
[2026-06-10 15:53:39] ⚠️ 仅读取 0.0KB 数据: http://gslbmgsplive.miguvideo.com/wd_r2/cctv/cctv1hd/1200/index.m3u8?msisdn=278056da1990573a7a348b9e46b72d0d&mdspid=&spid=699004&netType=0&sid=2201057821&pid=2028597139&timestamp=20260610120030&Channel_ID=0116_2600034600-99000-201600010010028&ProgramID=608807420&ParentNodeID=-99&assertID=2201057821&client_ip=39.98.87.107&SecurityKey=20260610120030&promotionId=&mvid=2201057821&mcid=500020&playurlVersion=WX-A1-9.6.0.4-RELEASE&userid=&jmhm=&videocodec=h264&appCode=miguvideo_android&bean=mgspad&tid=android&conFee=0&puData=ee7ee970785c280990bc848a1c58bb54&ddCalcu=4e5evb7abey8ea59c710a788458cc2b80099&sv=10004&ct=android
[2026-06-10 15:53:39] ⚠️ 速度不足: http://gslbmgsplive.miguvideo.com/wd_r2/cctv/cctv1hd/1200/index.m3u8?msisdn=278056da1990573a7a348b9e46b72d0d&mdspid=&spid=699004&netType=0&sid=2201057821&pid=2028597139&timestamp=20260610120030&Channel_ID=0116_2600034600-99000-201600010010028&ProgramID=608807420&ParentNodeID=-99&assertID=2201057821&client_ip=39.98.87.107&SecurityKey=20260610120030&promotionId=&mvid=2201057821&mcid=500020&playurlVersion=WX-A1-9.6.0.4-RELEASE&userid=&jmhm=&videocodec=h264&appCode=miguvideo_android&bean=mgspad&tid=android&conFee=0&puData=ee7ee970785c280990bc848a1c58bb54&ddCalcu=4e5evb7abey8ea59c710a788458cc2b80099&sv=10004&ct=android
   速度: 0.00KB/s <= 140KB/s | 数据量: 0.0KB | 总耗时: 0.81s
[2026-06-10 15:53:39] ⚠️ 仅读取 0.4KB 数据: http://207.56.13.146:81/cdnlive/cctv1.m3u8
[2026-06-10 15:53:39] ✅ 测速成功: http://207.56.13.146:81/cdnlive/cctv1.m3u8
   速度: 375.98KB/s > 140KB/s | 数据量: 0.4KB | 总耗时: 0.43s
[2026-06-10 15:53:40] ⚠️ 仅读取 0.3KB 数据: http://ali-m-l.cztv.com/channels/lantian/channel21/1080p.m3u8
[2026-06-10 15:53:40] ✅ 测速成功: http://ali-m-l.cztv.com/channels/lantian/channel21/1080p.m3u8
   速度: 291.99KB/s > 140KB/s | 数据量: 0.3KB | 总耗时: 1.13s
[2026-06-10 15:53:41] ⚠️ 仅读取 0.3KB 数据: https://ali-m-l.cztv.com/channels/lantian/channel001/1080p.m3u8
[2026-06-10 15:53:41] ✅ 测速成功: https://ali-m-l.cztv.com/channels/lantian/channel001/1080p.m3u8
   速度: 291.99KB/s > 140KB/s | 数据量: 0.3KB | 总耗时: 0.54s
[2026-06-10 15:53:43] ⚠️ 仅读取 0.5KB 数据: https://srs.iyb983.cn:443/video/CYS/index.m3u8
[2026-06-10 15:53:43] ✅ 测速成功: https://srs.iyb983.cn:443/video/CYS/index.m3u8
   速度: 505.86KB/s > 140KB/s | 数据量: 0.5KB | 总耗时: 2.07s
[2026-06-10 15:53:43] ⚠️ 仅读取 0.3KB 数据: http://cdn6.163189.xyz/163189/fhzw
[2026-06-10 15:53:43] ✅ 测速成功: http://cdn6.163189.xyz/163189/fhzw
   速度: 294.92KB/s > 140KB/s | 数据量: 0.3KB | 总耗时: 0.39s
[2026-06-10 15:53:44] ⚠️ 仅读取 0.2KB 数据: http://o11.163189.xyz/stream/tvb/fct4k/
[2026-06-10 15:53:44] ✅ 测速成功: http://o11.163189.xyz/stream/tvb/fct4k/
   速度: 241.21KB/s > 140KB/s | 数据量: 0.2KB | 总耗时: 0.47s
[2026-06-10 15:53:44] ⚠️ 仅读取 0.3KB 数据: https://cdn6.163189.xyz/163189/fct4k
[2026-06-10 15:53:44] ✅ 测速成功: https://cdn6.163189.xyz/163189/fct4k
   速度: 301.76KB/s > 140KB/s | 数据量: 0.3KB | 总耗时: 0.17s
[2026-06-10 15:53:49] ⚠️ 仅读取 0.3KB 数据: http://mytv.cdn.loc.cc/o12.php?id=fct
[2026-06-10 15:53:49] ✅ 测速成功: http://mytv.cdn.loc.cc/o12.php?id=fct
   速度: 322.27KB/s > 140KB/s | 数据量: 0.3KB | 总耗时: 5.04s
[2026-06-10 15:53:49] ⚠️ 仅读取 0.3KB 数据: https://mytv.cdn.loc.cc/o12.php?id=mzt
[2026-06-10 15:53:49] ✅ 测速成功: https://mytv.cdn.loc.cc/o12.php?id=mzt
   速度: 322.27KB/s > 140KB/s | 数据量: 0.3KB | 总耗时: 0.08s
[2026-06-10 15:53:49] ⚠️ 仅读取 0.2KB 数据: https://o11.163189.xyz/stream/tvb/tvbp/
[2026-06-10 15:53:49] ✅ 测速成功: https://o11.163189.xyz/stream/tvb/tvbp/
   速度: 223.63KB/s > 140KB/s | 数据量: 0.2KB | 总耗时: 0.14s
[2026-06-10 15:53:51] ⚠️ 仅读取 0.0KB 数据: http://feilong123.vip/409990236/iptv/gdy.php?id=1
[2026-06-10 15:53:51] ⚠️ 速度不足: http://feilong123.vip/409990236/iptv/gdy.php?id=1
   速度: 0.00KB/s <= 140KB/s | 数据量: 0.0KB | 总耗时: 2.04s
[2026-06-10 15:53:51] ⚠️ 仅读取 0.0KB 数据: https://cdn15.163189.xyz/163189/9c893bb003e1c7de
[2026-06-10 15:53:51] ⚠️ 速度不足: https://cdn15.163189.xyz/163189/9c893bb003e1c7de
   速度: 16.60KB/s <= 140KB/s | 数据量: 0.0KB | 总耗时: 0.20s
[2026-06-10 15:53:57] ❌ 测速失败: https://live.ottiptv.cc/douyu/4549169
   错误: HTTPSConnectionPool(host='live.ottiptv.cc', port=443): Read timed out. (read timeout=5) | 域名: live.ottiptv.cc:443
[2026-06-10 15:53:57] ⚠️ 仅读取 0.0KB 数据: http://tvcdn.stream3.hndt.com/tv/65c4a6d5017e1000b2b6ea2500000000_transios/playlist.m3u8?wsSecret=9ea74d9997d39daa447a61a66aa7de4a&wsTime=1781085486
[2026-06-10 15:53:57] ⚠️ 速度不足: http://tvcdn.stream3.hndt.com/tv/65c4a6d5017e1000b2b6ea2500000000_transios/playlist.m3u8?wsSecret=9ea74d9997d39daa447a61a66aa7de4a&wsTime=1781085486
   速度: 0.00KB/s <= 140KB/s | 数据量: 0.0KB | 总耗时: 0.31s
[2026-06-10 15:53:58] ⚠️ 仅读取 0.3KB 数据: https://dxtx.hntv.tv/live/lypd.m3u8?txSecret=10c771842a0be59e8b575d765173ec96&txTime=7B923E0A&wsSecret=19aba90efb0d1d7cceb4465f7ecf1125&wsTime=1781085486
[2026-06-10 15:53:58] ✅ 测速成功: https://dxtx.hntv.tv/live/lypd.m3u8?txSecret=10c771842a0be59e8b575d765173ec96&txTime=7B923E0A&wsSecret=19aba90efb0d1d7cceb4465f7ecf1125&wsTime=1781085486
   速度: 280.27KB/s > 140KB/s | 数据量: 0.3KB | 总耗时: 1.36s
[2026-06-10 15:54:00] RTMP检测成功: rtmp://rtmp.tv.stream3.hndt.com/tv/647f9277018410008cf925e200000000?wsSecret=9a23316ee66e918684e097f&wsSecret=e42e8bf30cd7071a4f697727c8bd66c2&wsTime=1781085486
[2026-06-10 15:54:00] ⚠️ 仅读取 1.5KB 数据: http://39.165.39.49:85/tsfile/live/1001_1.m3u8?key=txiptv&playlive=1&authid=0
[2026-06-10 15:54:00] ✅ 测速成功: http://39.165.39.49:85/tsfile/live/1001_1.m3u8?key=txiptv&playlive=1&authid=0
   速度: 1493.16KB/s > 140KB/s | 数据量: 1.5KB | 总耗时: 0.55s
[2026-06-10 15:54:02] ⚠️ 仅读取 0.2KB 数据: http://222.223.41.27:8888/hls/1/index.m3u8
[2026-06-10 15:54:02] ✅ 测速成功: http://222.223.41.27:8888/hls/1/index.m3u8
   速度: 240.23KB/s > 140KB/s | 数据量: 0.2KB | 总耗时: 1.51s
[2026-06-10 15:54:02] ⚠️ 仅读取 0.2KB 数据: http://192.151.150.154/live/cctv1hd.m3u8
[2026-06-10 15:54:02] ✅ 测速成功: http://192.151.150.154/live/cctv1hd.m3u8
   速度: 189.45KB/s > 140KB/s | 数据量: 0.2KB | 总耗时: 0.26s
[2026-06-10 15:54:02] ⚠️ 仅读取 0.2KB 数据: http://60.10.139.113:8801/hls/6/index.m3u8
[2026-06-10 15:54:02] ✅ 测速成功: http://60.10.139.113:8801/hls/6/index.m3u8
   速度: 236.33KB/s > 140KB/s | 数据量: 0.2KB | 总耗时: 0.46s
[2026-06-10 15:54:04] ⚠️ 仅读取 0.3KB 数据: https://v4-e6b1c5baf4e240fe63adbf68dda23435.livehwc4.com/play.kankanlive.com/live/1698423397390920.m3u8?sub_m3u8=true&edge_slice=true&user_session_id=ddf06c44a60d6ca33b938aed51f08081
[2026-06-10 15:54:04] ✅ 测速成功: https://v4-e6b1c5baf4e240fe63adbf68dda23435.livehwc4.com/play.kankanlive.com/live/1698423397390920.m3u8?sub_m3u8=true&edge_slice=true&user_session_id=ddf06c44a60d6ca33b938aed51f08081
   速度: 318.36KB/s > 140KB/s | 数据量: 0.3KB | 总耗时: 1.17s
[2026-06-10 15:54:04] ⚠️ 仅读取 0.2KB 数据: http://198.204.228.26/live/cctv11hd.m3u8
[2026-06-10 15:54:04] ✅ 测速成功: http://198.204.228.26/live/cctv11hd.m3u8
   速度: 197.27KB/s > 140KB/s | 数据量: 0.2KB | 总耗时: 0.22s
[2026-06-10 15:54:09] ⚠️ 仅读取 0.3KB 数据: https://event.pull.hebtv.com/jishi/cp1.m3u8
[2026-06-10 15:54:09] ✅ 测速成功: https://event.pull.hebtv.com/jishi/cp1.m3u8
   速度: 319.34KB/s > 140KB/s | 数据量: 0.3KB | 总耗时: 4.78s
[2026-06-10 15:54:09] ⚠️ 仅读取 0.4KB 数据: http://116.128.243.121:9905/tsfile/live/0006_1.m3u8?key=txiptv&playlive=1&authid=0
[2026-06-10 15:54:09] ✅ 测速成功: http://116.128.243.121:9905/tsfile/live/0006_1.m3u8?key=txiptv&playlive=1&authid=0
   速度: 418.95KB/s > 140KB/s | 数据量: 0.4KB | 总耗时: 0.41s
[2026-06-10 15:54:10] ⚠️ 仅读取 0.0KB 数据: http://124.77.181.86:3566/624878396
[2026-06-10 15:54:10] ⚠️ 速度不足: http://124.77.181.86:3566/624878396
   速度: 0.00KB/s <= 140KB/s | 数据量: 0.0KB | 总耗时: 1.43s
[2026-06-10 15:54:12] ⚠️ 仅读取 0.2KB 数据: http://play.kankanlive.com/live/1698234869325962.m3u8
[2026-06-10 15:54:12] ✅ 测速成功: http://play.kankanlive.com/live/1698234869325962.m3u8
   速度: 249.02KB/s > 140KB/s | 数据量: 0.2KB | 总耗时: 1.15s
[2026-06-10 15:54:13] ⚠️ 仅读取 0.4KB 数据: http://124.228.160.176:9901/tsfile/live/0017_1.m3u8?key=txiptv&playlive=1&authid=0
[2026-06-10 15:54:13] ✅ 测速成功: http://124.228.160.176:9901/tsfile/live/0017_1.m3u8?key=txiptv&playlive=1&authid=0
   速度: 413.09KB/s > 140KB/s | 数据量: 0.4KB | 总耗时: 1.45s
[2026-06-10 15:54:14] ⚠️ 仅读取 0.3KB 数据: http://cd-live-stream.news.cctvplus.com/live/smil:CHANNEL1.smil/chunklist_w744036192_b1000000.m3u8
[2026-06-10 15:54:14] ✅ 测速成功: http://cd-live-stream.news.cctvplus.com/live/smil:CHANNEL1.smil/chunklist_w744036192_b1000000.m3u8
   速度: 264.65KB/s > 140KB/s | 数据量: 0.3KB | 总耗时: 0.93s
[2026-06-10 15:54:14] ⚠️ 仅读取 0.2KB 数据: http://107.150.60.122/live/cctv12hd.m3u8
[2026-06-10 15:54:14] ✅ 测速成功: http://107.150.60.122/live/cctv12hd.m3u8
   速度: 197.27KB/s > 140KB/s | 数据量: 0.2KB | 总耗时: 0.23s
[2026-06-10 15:54:14] ⚠️ 仅读取 0.1KB 数据: https://epg.pw/stream/aedb71e61961cd2a5a5b9a8a83b8ae489c9408e6b420593aecb92cc36de628fe.m3u8
[2026-06-10 15:54:14] ✅ 测速成功: https://epg.pw/stream/aedb71e61961cd2a5a5b9a8a83b8ae489c9408e6b420593aecb92cc36de628fe.m3u8
   速度: 142.58KB/s > 140KB/s | 数据量: 0.1KB | 总耗时: 0.25s
[2026-06-10 15:54:15] ⚠️ 仅读取 0.4KB 数据: http://183.223.157.123:85/tsfile/live/0012_1.m3u8?key=txiptv
[2026-06-10 15:54:15] ✅ 测速成功: http://183.223.157.123:85/tsfile/live/0012_1.m3u8?key=txiptv
   速度: 423.83KB/s > 140KB/s | 数据量: 0.4KB | 总耗时: 0.39s
[2026-06-10 15:54:16] ⚠️ 仅读取 0.2KB 数据: http://183.11.239.36:808/hls/30/index.m3u8
[2026-06-10 15:54:16] ✅ 测速成功: http://183.11.239.36:808/hls/30/index.m3u8
   速度: 228.52KB/s > 140KB/s | 数据量: 0.2KB | 总耗时: 1.43s
[2026-06-10 15:54:18] ⚠️ 仅读取 0.3KB 数据: https://live.264788.xyz/channel/cctv7?streamid=98cd6dfda16281b12dd69dd808e10cf8&livekey=01WgOR41rriMmMkzNsd0UoaxJRwetZdxIvtVk
[2026-06-10 15:54:18] ✅ 测速成功: https://live.264788.xyz/channel/cctv7?streamid=98cd6dfda16281b12dd69dd808e10cf8&livekey=01WgOR41rriMmMkzNsd0UoaxJRwetZdxIvtVk
   速度: 329.10KB/s > 140KB/s | 数据量: 0.3KB | 总耗时: 1.51s
[2026-06-10 15:54:18] ⚠️ 仅读取 0.4KB 数据: http://113.25.252.226:9901/tsfile/live/1011_1.m3u8?key=txiptv&playlive=1&authid=0
[2026-06-10 15:54:18] ✅ 测速成功: http://113.25.252.226:9901/tsfile/live/1011_1.m3u8?key=txiptv&playlive=1&authid=0
   速度: 422.85KB/s > 140KB/s | 数据量: 0.4KB | 总耗时: 0.56s
[2026-06-10 15:54:21] ✅ 测速成功: https://p2.bdstatic.com/rtmp.liveshow.lss-user.baidubce.com/live/stream_bduid_6488563992_8982723413/merged_1707497046297_88536_25144_41936.m3u8
   速度: 184.39KB/s > 140KB/s | 数据量: 103.6KB | 总耗时: 2.92s
[2026-06-10 15:54:22] ⚠️ 仅读取 0.3KB 数据: https://shcm-stream-cf1.stream.264788.xyz/cms001/ch00000090990000001620/index.m3u8?streamid=8a034b40397504e25b3775c772237996&streamkey=01vY5fRxC8VyKg4oq30vfikHXTCAKySLP29l6OG91kQlzDttHgzNLkUw5kivm3PfNsVHJv5FgdsPBYFYI2IWpt7tfRCuFHqLT2pvX67ubMds8jl2DHtvOh0&token=1775754349-4f33f4f84a4abeba-0-91687dc8c9325092efa1d00f330d2710
[2026-06-10 15:54:22] ✅ 测速成功: https://shcm-stream-cf1.stream.264788.xyz/cms001/ch00000090990000001620/index.m3u8?streamid=8a034b40397504e25b3775c772237996&streamkey=01vY5fRxC8VyKg4oq30vfikHXTCAKySLP29l6OG91kQlzDttHgzNLkUw5kivm3PfNsVHJv5FgdsPBYFYI2IWpt7tfRCuFHqLT2pvX67ubMds8jl2DHtvOh0&token=1775754349-4f33f4f84a4abeba-0-91687dc8c9325092efa1d00f330d2710
   速度: 335.94KB/s > 140KB/s | 数据量: 0.3KB | 总耗时: 0.35s
[2026-06-10 15:54:22] ⚠️ 仅读取 0.8KB 数据: https://bp-resource-dfl.bestv.cn/148/3/video.m3u8
[2026-06-10 15:54:22] ✅ 测速成功: https://bp-resource-dfl.bestv.cn/148/3/video.m3u8
   速度: 832.03KB/s > 140KB/s | 数据量: 0.8KB | 总耗时: 0.74s
[2026-06-10 15:54:23] ✅ 测速成功: https://txmov2.a.kwimgs.com/bs3/video-hls/5199687338554291078_hlsb.m3u8
   速度: 13084.79KB/s > 140KB/s | 数据量: 104.0KB | 总耗时: 0.53s
[2026-06-10 15:54:25] ⚠️ 仅读取 0.3KB 数据: https://liveout.xntv.tv/a65jur/96iln2.m3u8
[2026-06-10 15:54:25] ✅ 测速成功: https://liveout.xntv.tv/a65jur/96iln2.m3u8
   速度: 265.62KB/s > 140KB/s | 数据量: 0.3KB | 总耗时: 2.10s
[2026-06-10 15:54:26] ⚠️ 仅读取 0.8KB 数据: http://bp-resource-dfl.bestv.cn/155/3/video.m3u8
[2026-06-10 15:54:26] ✅ 测速成功: http://bp-resource-dfl.bestv.cn/155/3/video.m3u8
   速度: 832.03KB/s > 140KB/s | 数据量: 0.8KB | 总耗时: 0.61s
[2026-06-10 15:54:27] ⚠️ 仅读取 0.4KB 数据: http://113.15.109.216:59901/tsfile/live/1009_1.m3u8?key=txiptv&playlive=1&authid=0
[2026-06-10 15:54:27] ✅ 测速成功: http://113.15.109.216:59901/tsfile/live/1009_1.m3u8?key=txiptv&playlive=1&authid=0
   速度: 433.59KB/s > 140KB/s | 数据量: 0.4KB | 总耗时: 1.11s
[2026-06-10 15:54:29] ⚠️ 仅读取 0.5KB 数据: http://live.zohi.tv/video/s10001-fztv-3/index.m3u8
[2026-06-10 15:54:29] ✅ 测速成功: http://live.zohi.tv/video/s10001-fztv-3/index.m3u8
   速度: 498.05KB/s > 140KB/s | 数据量: 0.5KB | 总耗时: 2.48s
[2026-06-10 15:54:30] ⚠️ 仅读取 0.3KB 数据: https://gcalic.v.myalicdn.com/gc/fhgcdgm_1/index.m3u8
[2026-06-10 15:54:30] ✅ 测速成功: https://gcalic.v.myalicdn.com/gc/fhgcdgm_1/index.m3u8
   速度: 330.08KB/s > 140KB/s | 数据量: 0.3KB | 总耗时: 0.89s
[2026-06-10 15:54:31] ⚠️ 仅读取 0.2KB 数据: http://122.152.202.33/s/81a8a44f/index.m3u8?id=15
[2026-06-10 15:54:31] ✅ 测速成功: http://122.152.202.33/s/81a8a44f/index.m3u8?id=15
   速度: 187.50KB/s > 140KB/s | 数据量: 0.2KB | 总耗时: 0.57s
[2026-06-10 15:54:34] ❌ 测速失败: https://liveout.gstv.com.cn/skt649/p9xpey.m3u8
   错误: HTTPSConnectionPool(host='liveout.gstv.com.cn', port=443): Max retries exceeded with url: /skt649/p9xpey.m3u8 (Caused by ConnectTimeoutError(<HTTPSConnection(host='liveout.gstv.com.cn', port=443) at 0x7f72779fdca0>, 'Connection to liveout.gstv.com.cn timed out. (connect timeout=3.05)')) | 域名: liveout.gstv.com.cn:443
[2026-06-10 15:54:36] ⚠️ 仅读取 0.2KB 数据: http://cssbyd.imwork.net:8082/hls/6/index.m3u8
[2026-06-10 15:54:36] ✅ 测速成功: http://cssbyd.imwork.net:8082/hls/6/index.m3u8
   速度: 234.38KB/s > 140KB/s | 数据量: 0.2KB | 总耗时: 2.49s
[2026-06-10 15:54:37] ⚠️ 仅读取 0.2KB 数据: http://36.32.174.67:60080/newlive/live/hls/38/live.m3u8
[2026-06-10 15:54:37] ✅ 测速成功: http://36.32.174.67:60080/newlive/live/hls/38/live.m3u8
   速度: 232.42KB/s > 140KB/s | 数据量: 0.2KB | 总耗时: 0.53s
[2026-06-10 15:54:38] ⚠️ 仅读取 0.2KB 数据: https://hlscdn.liangtv.cn/live/de0f97348eb84f62aa6b7d8cf0430770/dd505d87880c478f901f38560ca4d4e6.m3u8
[2026-06-10 15:54:38] ✅ 测速成功: https://hlscdn.liangtv.cn/live/de0f97348eb84f62aa6b7d8cf0430770/dd505d87880c478f901f38560ca4d4e6.m3u8
   速度: 179.69KB/s > 140KB/s | 数据量: 0.2KB | 总耗时: 1.27s
[2026-06-10 15:54:39] ⚠️ 仅读取 0.6KB 数据: https://gd202.tv1288.xyz/tsfile/live/1023_1.m3u8
[2026-06-10 15:54:39] ✅ 测速成功: https://gd202.tv1288.xyz/tsfile/live/1023_1.m3u8
   速度: 647.46KB/s > 140KB/s | 数据量: 0.6KB | 总耗时: 0.95s
[2026-06-10 15:54:42] ⚠️ 仅读取 0.4KB 数据: http://153.0.171.163:85/tsfile/live/0132_1.m3u8?key=txiptv&playlive=1&authid=0
[2026-06-10 15:54:42] ✅ 测速成功: http://153.0.171.163:85/tsfile/live/0132_1.m3u8?key=txiptv&playlive=1&authid=0
   速度: 407.23KB/s > 140KB/s | 数据量: 0.4KB | 总耗时: 2.85s
[2026-06-10 15:54:43] ⚠️ 仅读取 0.4KB 数据: http://event.pull.hebtv.com/jishi/weishi_tingyun.m3u8
[2026-06-10 15:54:43] ✅ 测速成功: http://event.pull.hebtv.com/jishi/weishi_tingyun.m3u8
   速度: 383.79KB/s > 140KB/s | 数据量: 0.4KB | 总耗时: 1.47s
[2026-06-10 15:54:46] ⚠️ 仅读取 0.3KB 数据: http://l.cztvcloud.com/channels/lantian/SXyuyao3/720p.m3u8
[2026-06-10 15:54:46] ✅ 测速成功: http://l.cztvcloud.com/channels/lantian/SXyuyao3/720p.m3u8
   速度: 292.97KB/s > 140KB/s | 数据量: 0.3KB | 总耗时: 2.60s
[2026-06-10 15:54:48] ⚠️ 仅读取 0.3KB 数据: http://1.94.31.214/php/hntv.php?id=hnws
[2026-06-10 15:54:48] ✅ 测速成功: http://1.94.31.214/php/hntv.php?id=hnws
   速度: 348.63KB/s > 140KB/s | 数据量: 0.3KB | 总耗时: 1.53s
[2026-06-10 15:54:53] ❌ 测速失败: http://lxajh.top/tv/hn.php?id=hnws
   错误: HTTPConnectionPool(host='lxajh.top', port=80): Read timed out. (read timeout=5) | 域名: lxajh.top:80
[2026-06-10 15:54:54] ⚠️ 仅读取 0.2KB 数据: http://112.27.235.94:8000/hls/1/index.m3u8
[2026-06-10 15:54:54] ✅ 测速成功: http://112.27.235.94:8000/hls/1/index.m3u8
   速度: 240.23KB/s > 140KB/s | 数据量: 0.2KB | 总耗时: 0.36s
[2026-06-10 15:54:55] ✅ 测速成功: http://a.xiongnas.top:8888/rtp/239.3.1.29:8288
   速度: 164.87KB/s > 140KB/s | 数据量: 104.0KB | 总耗时: 1.10s
[2026-06-10 15:54:56] ⚠️ 仅读取 0.2KB 数据: http://test1.live.sdetv.com.cn/live/dianshizhibo/playlist.m3u8
[2026-06-10 15:54:56] ✅ 测速成功: http://test1.live.sdetv.com.cn/live/dianshizhibo/playlist.m3u8
   速度: 207.03KB/s > 140KB/s | 数据量: 0.2KB | 总耗时: 1.02s
[2026-06-10 15:54:57] ⚠️ 仅读取 0.1KB 数据: http://webcast.hkstv.tv/livestream/mutfysrq/playlist.m3u8
[2026-06-10 15:54:57] ⚠️ 速度不足: http://webcast.hkstv.tv/livestream/mutfysrq/playlist.m3u8
   速度: 0.33KB/s <= 140KB/s | 数据量: 0.1KB | 总耗时: 1.03s
[2026-06-10 15:54:58] ⚠️ 仅读取 0.1KB 数据: https://hkstv.tv/api/m3u8-proxy?url=http%3A%2F%2Fwebcast.hkstv.tv%2Flivestream%2Fmutfysrq%2Fplaylist.m3u8
[2026-06-10 15:54:58] ⚠️ 速度不足: https://hkstv.tv/api/m3u8-proxy?url=http%3A%2F%2Fwebcast.hkstv.tv%2Flivestream%2Fmutfysrq%2Fplaylist.m3u8
   速度: 114.26KB/s <= 140KB/s | 数据量: 0.1KB | 总耗时: 1.25s
[2026-06-10 15:55:00] ⚠️ 仅读取 0.3KB 数据: http://live.wjyanghu.com/live/CH1.m3u8
[2026-06-10 15:55:00] ✅ 测速成功: http://live.wjyanghu.com/live/CH1.m3u8
   速度: 265.62KB/s > 140KB/s | 数据量: 0.3KB | 总耗时: 1.73s
[2026-06-10 15:55:02] ⚠️ 仅读取 0.3KB 数据: https://hwapi.yntv.net/ew265l/z1z6s5.m3u8
[2026-06-10 15:55:02] ✅ 测速成功: https://hwapi.yntv.net/ew265l/z1z6s5.m3u8
   速度: 265.62KB/s > 140KB/s | 数据量: 0.3KB | 总耗时: 2.27s
[2026-06-10 15:55:03] ⚠️ 仅读取 0.5KB 数据: http://ali-xwl.cztv.com/live/channel01720Plxw.m3u8
[2026-06-10 15:55:03] ✅ 测速成功: http://ali-xwl.cztv.com/live/channel01720Plxw.m3u8
   速度: 474.61KB/s > 140KB/s | 数据量: 0.5KB | 总耗时: 1.35s
[2026-06-10 15:55:04] ⚠️ 仅读取 7.3KB 数据: http://hlsztemgsplive.miguvideo.com:8080/wd_r2/cctv/cctv1hd/600/index.m3u8?msisdn=2026061014022023fdc0edd0b94822ba8ff794246e2685&mdspid=&spid=699004&netType=0&sid=2201057821&pid=2028597139&timestamp=20260610140220&Channel_ID=0116_2600000900-99000-201600010010027&ProgramID=608807420&ParentNodeID=-99&assertID=2201057821&client_ip=171.8.79.254&SecurityKey=20260610140220&promotionId=&mvid=2201057821&mcid=500020&playurlVersion=WX-A1-9.6.0.4-RELEASE&userid=&jmhm=&videocodec=h264&appCode=miguvideo_android&bean=mgspad&tid=android&conFee=0&encrypt=193f31beb850d322f8516a421dcc9be6
[2026-06-10 15:55:04] ✅ 测速成功: http://hlsztemgsplive.miguvideo.com:8080/wd_r2/cctv/cctv1hd/600/index.m3u8?msisdn=2026061014022023fdc0edd0b94822ba8ff794246e2685&mdspid=&spid=699004&netType=0&sid=2201057821&pid=2028597139&timestamp=20260610140220&Channel_ID=0116_2600000900-99000-201600010010027&ProgramID=608807420&ParentNodeID=-99&assertID=2201057821&client_ip=171.8.79.254&SecurityKey=20260610140220&promotionId=&mvid=2201057821&mcid=500020&playurlVersion=WX-A1-9.6.0.4-RELEASE&userid=&jmhm=&videocodec=h264&appCode=miguvideo_android&bean=mgspad&tid=android&conFee=0&encrypt=193f31beb850d322f8516a421dcc9be6
   速度: 7311.52KB/s > 140KB/s | 数据量: 7.3KB | 总耗时: 0.68s
[2026-06-10 15:55:07] ✅ 测速成功: https://goodiptv.club/douyu/9817716
   速度: 487.15KB/s > 140KB/s | 数据量: 104.0KB | 总耗时: 3.24s
[2026-06-10 15:55:10] ❌ 测速失败: http://104.250.145.76/livehttpplay?channel_id=23356
   错误: HTTPConnectionPool(host='104.250.145.76', port=80): Max retries exceeded with url: /livehttpplay?channel_id=23356 (Caused by ConnectTimeoutError(<HTTPConnection(host='104.250.145.76', port=80) at 0x7f727793da60>, 'Connection to 104.250.145.76 timed out. (connect timeout=3.05)')) | 域名: 104.250.145.76:80
[2026-06-10 15:55:14] ❌ 测速失败: http://iptv.4666888.xyz/iptv2A.php?id=34
   错误: HTTPSConnectionPool(host='res.mq-link.com', port=4438): Max retries exceeded with url: /webapi/filestore/7507291146eb88681e3dc56e312811fda3bb1050.mp4?type=video&docid=22a408&name=11%E6%9C%8821%E6%97%A5.mp4 (Caused by ConnectTimeoutError(<HTTPSConnection(host='res.mq-link.com', port=4438) at 0x7f72779fddc0>, 'Connection to res.mq-link.com timed out. (connect timeout=3.05)')) | 域名: iptv.4666888.xyz:80
[2026-06-10 15:55:19] ❌ 测速失败: http://r.jdshipin.com/62WM7
   错误: HTTPSConnectionPool(host='cdn10.163189.xyz', port=443): Read timed out. (read timeout=5) | 域名: r.jdshipin.com:80
[2026-06-10 15:55:20] ⚠️ 仅读取 0.3KB 数据: http://utv1.hqtvzb.com:9999/hls/world.m3u8
[2026-06-10 15:55:20] ✅ 测速成功: http://utv1.hqtvzb.com:9999/hls/world.m3u8
   速度: 252.93KB/s > 140KB/s | 数据量: 0.3KB | 总耗时: 0.65s
[2026-06-10 15:55:20] ⚠️ 仅读取 5.1KB 数据: http://rbmn-live.akamaized.net/hls/live/590964/BoRB-AT/master_6660.m3u8
[2026-06-10 15:55:20] ✅ 测速成功: http://rbmn-live.akamaized.net/hls/live/590964/BoRB-AT/master_6660.m3u8
   速度: 5136.72KB/s > 140KB/s | 数据量: 5.1KB | 总耗时: 0.06s
[2026-06-10 15:55:21] ⚠️ 仅读取 0.1KB 数据: http://222.128.55.152:9080/live/dwq.m3u8
[2026-06-10 15:55:21] ⚠️ 速度不足: http://222.128.55.152:9080/live/dwq.m3u8
   速度: 0.41KB/s <= 140KB/s | 数据量: 0.1KB | 总耗时: 0.64s
[2026-06-10 15:55:21] ⚠️ 仅读取 0.4KB 数据: http://live-hls-web-aja.getaj.net/AJA/02.m3u8
[2026-06-10 15:55:21] ✅ 测速成功: http://live-hls-web-aja.getaj.net/AJA/02.m3u8
   速度: 375.98KB/s > 140KB/s | 数据量: 0.4KB | 总耗时: 0.04s
[2026-06-10 15:55:21] ⚠️ 仅读取 0.2KB 数据: http://112.46.85.60:8009/hls/502/index.m3u8
[2026-06-10 15:55:21] ✅ 测速成功: http://112.46.85.60:8009/hls/502/index.m3u8
   速度: 229.49KB/s > 140KB/s | 数据量: 0.2KB | 总耗时: 0.42s
[2026-06-10 15:55:22] ⚠️ 仅读取 0.2KB 数据: https://global.cgtn.cicc.media.caton.cloud/master/cgtn-america.m3u8
[2026-06-10 15:55:22] ✅ 测速成功: https://global.cgtn.cicc.media.caton.cloud/master/cgtn-america.m3u8
   速度: 221.68KB/s > 140KB/s | 数据量: 0.2KB | 总耗时: 0.54s
[2026-06-10 15:55:22] ⚠️ 仅读取 0.4KB 数据: http://61.136.172.236:9901/tsfile/live/0016_1.m3u8
[2026-06-10 15:55:22] ✅ 测速成功: http://61.136.172.236:9901/tsfile/live/0016_1.m3u8
   速度: 423.83KB/s > 140KB/s | 数据量: 0.4KB | 总耗时: 0.47s
[2026-06-10 15:55:27] ⚠️ 仅读取 0.2KB 数据: http://gmxw.7766.org:808/hls/169/index.m3u8
[2026-06-10 15:55:27] ✅ 测速成功: http://gmxw.7766.org:808/hls/169/index.m3u8
   速度: 229.49KB/s > 140KB/s | 数据量: 0.2KB | 总耗时: 4.70s
[2026-06-10 15:55:28] ⚠️ 仅读取 0.4KB 数据: http://english-livetx.cgtn.com/hls/yypdyyctzb_hd.m3u8
[2026-06-10 15:55:28] ✅ 测速成功: http://english-livetx.cgtn.com/hls/yypdyyctzb_hd.m3u8
   速度: 402.34KB/s > 140KB/s | 数据量: 0.4KB | 总耗时: 0.83s
[2026-06-10 15:55:28] ⚠️ 仅读取 0.1KB 数据: https://0472.org/hls/cgtn.m3u8
[2026-06-10 15:55:28] ⚠️ 速度不足: https://0472.org/hls/cgtn.m3u8
   速度: 125.98KB/s <= 140KB/s | 数据量: 0.1KB | 总耗时: 0.21s
[2026-06-10 15:55:28] ⚠️ 仅读取 0.4KB 数据: http://russian-livews.cgtn.com/hls/LSvexABhNipibK5KRuUkvHZ7220802LSTeze9o8tdFXMHsb1VosgoT220802cd.m3u8
[2026-06-10 15:55:28] ✅ 测速成功: http://russian-livews.cgtn.com/hls/LSvexABhNipibK5KRuUkvHZ7220802LSTeze9o8tdFXMHsb1VosgoT220802cd.m3u8
   速度: 425.78KB/s > 140KB/s | 数据量: 0.4KB | 总耗时: 0.33s
[2026-06-10 15:55:29] ⚠️ 仅读取 0.4KB 数据: http://espanol-liveali.cgtn.com/hls/LSveOGBaBw41Ea7ukkVAUdKQ220802LSTexu6xAuFH8VZNBLE1ZNEa220802cd.m3u8
[2026-06-10 15:55:29] ✅ 测速成功: http://espanol-liveali.cgtn.com/hls/LSveOGBaBw41Ea7ukkVAUdKQ220802LSTexu6xAuFH8VZNBLE1ZNEa220802cd.m3u8
   速度: 428.71KB/s > 140KB/s | 数据量: 0.4KB | 总耗时: 0.65s
[2026-06-10 15:55:30] ⚠️ 仅读取 0.4KB 数据: https://gcwbndali.v.myalicdn.com/gcwbnd/ipanda1000_2/index.m3u8
[2026-06-10 15:55:30] ✅ 测速成功: https://gcwbndali.v.myalicdn.com/gcwbnd/ipanda1000_2/index.m3u8
   速度: 382.81KB/s > 140KB/s | 数据量: 0.4KB | 总耗时: 0.93s
[2026-06-10 15:55:31] ✅ 测速成功: https://vd2.bdstatic.com/mda-sctj0f6r4u1bpebc/1080p/cae_h264/1774706523506678171/mda-sctj0f6r4u1bpebc.mp4
   速度: 1239.93KB/s > 140KB/s | 数据量: 104.0KB | 总耗时: 1.08s
[2026-06-10 15:55:33] ⚠️ 仅读取 0.3KB 数据: http://satellitepull.cnr.cn/live/wxbtv/playlist.m3u8
[2026-06-10 15:55:33] ✅ 测速成功: http://satellitepull.cnr.cn/live/wxbtv/playlist.m3u8
   速度: 254.88KB/s > 140KB/s | 数据量: 0.3KB | 总耗时: 1.82s
[2026-06-10 15:55:33] ⚠️ 仅读取 0.2KB 数据: http://38.64.72.148:80/hls/modn/list/4009/playlist.m3u8
[2026-06-10 15:55:33] ✅ 测速成功: http://38.64.72.148:80/hls/modn/list/4009/playlist.m3u8
   速度: 227.54KB/s > 140KB/s | 数据量: 0.2KB | 总耗时: 0.02s
[2026-06-10 15:55:34] ⚠️ 仅读取 0.2KB 数据: http://hlsal-ldvt.qing.mgtv.com/nn_live/nn_x64/Y2RuZXhfaWQ9YWxfaGxzX2xkdnQmZT02OTE0NjA0JnY9MSZpZD1ITldTWkdTVCZzPTcwN2RiYTc2YzJjNmJmMTQ4MmUyZGYzOWU2NWM3YWFi/HNWSZGST.m3u8
[2026-06-10 15:55:34] ✅ 测速成功: http://hlsal-ldvt.qing.mgtv.com/nn_live/nn_x64/Y2RuZXhfaWQ9YWxfaGxzX2xkdnQmZT02OTE0NjA0JnY9MSZpZD1ITldTWkdTVCZzPTcwN2RiYTc2YzJjNmJmMTQ4MmUyZGYzOWU2NWM3YWFi/HNWSZGST.m3u8
   速度: 225.59KB/s > 140KB/s | 数据量: 0.2KB | 总耗时: 1.42s
[2026-06-10 15:55:41] ⚠️ 仅读取 0.1KB 数据: http://antvlive.ab5c6921.cdnviet.com/antv/playlist.m3u8
[2026-06-10 15:55:41] ⚠️ 速度不足: http://antvlive.ab5c6921.cdnviet.com/antv/playlist.m3u8
   速度: 123.05KB/s <= 140KB/s | 数据量: 0.1KB | 总耗时: 6.32s
[2026-06-10 15:55:42] ⚠️ 仅读取 0.3KB 数据: http://218.84.12.186:8001/hls/main/playlist.m3u8?zxinjd;http://218.84.12.186:8001/hls/main/playlist.m3u8zxinjd
[2026-06-10 15:55:42] ✅ 测速成功: http://218.84.12.186:8001/hls/main/playlist.m3u8?zxinjd;http://218.84.12.186:8001/hls/main/playlist.m3u8zxinjd
   速度: 326.17KB/s > 140KB/s | 数据量: 0.3KB | 总耗时: 1.64s
[2026-06-10 15:55:43] ⚠️ 仅读取 0.2KB 数据: https://test1.live.sdetv.com.cn/live/dianshizhibo/playlist.m3u8
[2026-06-10 15:55:43] ✅ 测速成功: https://test1.live.sdetv.com.cn/live/dianshizhibo/playlist.m3u8
   速度: 207.03KB/s > 140KB/s | 数据量: 0.2KB | 总耗时: 1.22s
[2026-06-10 15:55:44] ⚠️ 仅读取 0.6KB 数据: https://5ddce30eb4b55.streamlock.net/bltvhd/bltv1/chunklist_w511254805.m3u8
[2026-06-10 15:55:44] ✅ 测速成功: https://5ddce30eb4b55.streamlock.net/bltvhd/bltv1/chunklist_w511254805.m3u8
   速度: 586.91KB/s > 140KB/s | 数据量: 0.6KB | 总耗时: 0.69s
[2026-06-10 15:55:46] ⚠️ 仅读取 0.4KB 数据: https://tylive.kan0512.com/norecord/csztv4k_4k.m3u8
[2026-06-10 15:55:46] ✅ 测速成功: https://tylive.kan0512.com/norecord/csztv4k_4k.m3u8
   速度: 377.93KB/s > 140KB/s | 数据量: 0.4KB | 总耗时: 2.23s
[2026-06-10 15:55:47] ⚠️ 仅读取 0.2KB 数据: http://61.162.52.6:8088/newlive/live/hls/60/live.m3u8
[2026-06-10 15:55:47] ✅ 测速成功: http://61.162.52.6:8088/newlive/live/hls/60/live.m3u8
   速度: 232.42KB/s > 140KB/s | 数据量: 0.2KB | 总耗时: 0.42s
[2026-06-10 15:55:49] ⚠️ 仅读取 0.4KB 数据: https://vip.ffzy-play.com/20221018/1953_2d6ba500/index.m3u8
[2026-06-10 15:55:49] ✅ 测速成功: https://vip.ffzy-play.com/20221018/1953_2d6ba500/index.m3u8
   速度: 398.44KB/s > 140KB/s | 数据量: 0.4KB | 总耗时: 2.43s
[2026-06-10 15:55:52] ⚠️ 仅读取 0.4KB 数据: https://vip.ffzy-play7.com/20230112/11082_fde1a94d/index.m3u8
[2026-06-10 15:55:52] ✅ 测速成功: https://vip.ffzy-play7.com/20230112/11082_fde1a94d/index.m3u8
   速度: 398.44KB/s > 140KB/s | 数据量: 0.4KB | 总耗时: 2.33s
[2026-06-10 15:55:53] ⚠️ 仅读取 61.4KB 数据: http://jsmov2.a.yximgs.com/bs3/video-hls/5250634317044855747_hlsb.m3u8
[2026-06-10 15:55:53] ✅ 测速成功: http://jsmov2.a.yximgs.com/bs3/video-hls/5250634317044855747_hlsb.m3u8
   速度: 287.57KB/s > 140KB/s | 数据量: 61.4KB | 总耗时: 1.45s
[2026-06-10 15:55:55] ✅ 测速成功: http://www.goodiptv.club/douyu/74374
   速度: 491.93KB/s > 140KB/s | 数据量: 104.0KB | 总耗时: 1.75s
[2026-06-10 15:55:57] ⚠️ 仅读取 0.2KB 数据: http://hls.nntv.cn/nnlive/YSYL_244.m3u8
[2026-06-10 15:55:57] ✅ 测速成功: http://hls.nntv.cn/nnlive/YSYL_244.m3u8
   速度: 232.42KB/s > 140KB/s | 数据量: 0.2KB | 总耗时: 2.06s
[2026-06-10 15:55:57] ⚠️ 仅读取 0.4KB 数据: http://stream.hrbtv.net/yspd/sd/live.m3u8?zheild
[2026-06-10 15:55:57] ✅ 测速成功: http://stream.hrbtv.net/yspd/sd/live.m3u8?zheild
   速度: 355.47KB/s > 140KB/s | 数据量: 0.4KB | 总耗时: 0.63s
[2026-06-10 15:56:00] ⚠️ 仅读取 0.4KB 数据: https://vip.ffzy-play6.com/20221019/157_bf0740ee/index.m3u8
[2026-06-10 15:56:00] ✅ 测速成功: https://vip.ffzy-play6.com/20221019/157_bf0740ee/index.m3u8
   速度: 398.44KB/s > 140KB/s | 数据量: 0.4KB | 总耗时: 2.24s
[2026-06-10 15:56:02] ⚠️ 仅读取 0.4KB 数据: https://vip.ffzy-play1.com/20221018/478_c3afed66/index.m3u8
[2026-06-10 15:56:02] ✅ 测速成功: https://vip.ffzy-play1.com/20221018/478_c3afed66/index.m3u8
   速度: 398.44KB/s > 140KB/s | 数据量: 0.4KB | 总耗时: 1.98s
[2026-06-10 15:56:04] ⚠️ 仅读取 0.4KB 数据: https://vip.ffzy-online.com/20221015/719_80ff87c2/index.m3u8
[2026-06-10 15:56:04] ✅ 测速成功: https://vip.ffzy-online.com/20221015/719_80ff87c2/index.m3u8
   速度: 398.44KB/s > 140KB/s | 数据量: 0.4KB | 总耗时: 2.45s
[2026-06-10 15:56:06] ⚠️ 仅读取 0.3KB 数据: http://ali-vl.cztv.com/channels/lantian/channel004/360p.m3u8
[2026-06-10 15:56:06] ⚠️ 速度不足: http://ali-vl.cztv.com/channels/lantian/channel004/360p.m3u8
   速度: 83.10KB/s <= 140KB/s | 数据量: 0.3KB | 总耗时: 1.84s
[2026-06-10 15:56:08] ✅ 测速成功: http://live.metshop.top/huya/21059578?cdn=alicdn
   速度: 5814.09KB/s > 140KB/s | 数据量: 104.0KB | 总耗时: 1.67s
[2026-06-10 15:56:09] ✅ 测速成功: http://zjrtv.vip/live/?tbs=mydy
   速度: 212.57KB/s > 140KB/s | 数据量: 104.0KB | 总耗时: 1.79s
[2026-06-10 15:56:10] ⚠️ 仅读取 0.6KB 数据: https://stream.ads.ottera.tv/playlist.m3u8?network_id=595
[2026-06-10 15:56:10] ✅ 测速成功: https://stream.ads.ottera.tv/playlist.m3u8?network_id=595
   速度: 636.72KB/s > 140KB/s | 数据量: 0.6KB | 总耗时: 0.35s
[2026-06-10 15:56:12] ⚠️ 仅读取 0.3KB 数据: https://tencentplay.gztv.com/live/nanguodushi.m3u8?txSecret=550af55c0ea34ce492748481415b6dfa&txTime=1903e7b17de
[2026-06-10 15:56:12] ✅ 测速成功: https://tencentplay.gztv.com/live/nanguodushi.m3u8?txSecret=550af55c0ea34ce492748481415b6dfa&txTime=1903e7b17de
   速度: 300.78KB/s > 140KB/s | 数据量: 0.3KB | 总耗时: 1.81s
[2026-06-10 15:56:13] ✅ 测速成功: https://live.metshop.top/huya/11601966
   速度: 540.81KB/s > 140KB/s | 数据量: 104.0KB | 总耗时: 1.45s
[2026-06-10 15:56:14] ⚠️ 仅读取 0.1KB 数据: http://ebsonairios.ebs.co.kr/ebsutablet500k/tablet500k/playlist.m3u8
[2026-06-10 15:56:14] ⚠️ 速度不足: http://ebsonairios.ebs.co.kr/ebsutablet500k/tablet500k/playlist.m3u8
   速度: 122.07KB/s <= 140KB/s | 数据量: 0.1KB | 总耗时: 1.03s
[2026-06-10 15:56:16] ⚠️ 仅读取 0.8KB 数据: https://ls.qingting.fm/live/4972/64k.m3u8
[2026-06-10 15:56:16] ✅ 测速成功: https://ls.qingting.fm/live/4972/64k.m3u8
   速度: 770.51KB/s > 140KB/s | 数据量: 0.8KB | 总耗时: 2.19s
[2026-06-10 15:56:18] ⚠️ 仅读取 0.5KB 数据: http://live.qthnews.org.cn:1935/live/live1/800k/tzwj_video.m3u8
[2026-06-10 15:56:18] ⚠️ 速度不足: http://live.qthnews.org.cn:1935/live/live1/800k/tzwj_video.m3u8
   速度: 2.24KB/s <= 140KB/s | 数据量: 0.5KB | 总耗时: 1.67s
[2026-06-10 15:56:19] ⚠️ 仅读取 0.8KB 数据: http://ls.qingting.fm/live/4885.m3u8
[2026-06-10 15:56:19] ✅ 测速成功: http://ls.qingting.fm/live/4885.m3u8
   速度: 801.76KB/s > 140KB/s | 数据量: 0.8KB | 总耗时: 0.59s
[2026-06-10 15:56:21] ⚠️ 仅读取 0.3KB 数据: https://satellitepull.cnr.cn/live/wx32dycjgb/playlist.m3u8
[2026-06-10 15:56:21] ✅ 测速成功: https://satellitepull.cnr.cn/live/wx32dycjgb/playlist.m3u8
   速度: 314.45KB/s > 140KB/s | 数据量: 0.3KB | 总耗时: 2.70s
[2026-06-10 15:56:25] ⚠️ 仅读取 0.4KB 数据: https://stream.sun0769.com/dgrtv1/mp4tv1_800/index.m3u8
[2026-06-10 15:56:25] ✅ 测速成功: https://stream.sun0769.com/dgrtv1/mp4tv1_800/index.m3u8
   速度: 369.14KB/s > 140KB/s | 数据量: 0.4KB | 总耗时: 3.85s
[2026-06-10 15:56:26] ⚠️ 仅读取 0.3KB 数据: http://175.155.106.72:89/live1/live1.m3u8
[2026-06-10 15:56:26] ✅ 测速成功: http://175.155.106.72:89/live1/live1.m3u8
   速度: 260.74KB/s > 140KB/s | 数据量: 0.3KB | 总耗时: 0.45s
[2026-06-10 15:56:26] ⚠️ 仅读取 0.4KB 数据: http://stream10.jlntv.cn/jiutaitv/sd/live.m3u8
[2026-06-10 15:56:26] ✅ 测速成功: http://stream10.jlntv.cn/jiutaitv/sd/live.m3u8
   速度: 375.00KB/s > 140KB/s | 数据量: 0.4KB | 总耗时: 0.86s
[2026-06-10 15:56:28] ⚠️ 仅读取 0.2KB 数据: https://live.zzyxxw.com:2443/live/xwzh.m3u8
[2026-06-10 15:56:28] ✅ 测速成功: https://live.zzyxxw.com:2443/live/xwzh.m3u8
   速度: 239.26KB/s > 140KB/s | 数据量: 0.2KB | 总耗时: 1.97s
[2026-06-10 15:56:29] ⚠️ 仅读取 0.2KB 数据: http://live.zzyxxw.com:85/live/xwzh.m3u8
[2026-06-10 15:56:29] ⚠️ 速度不足: http://live.zzyxxw.com:85/live/xwzh.m3u8
   速度: 1.12KB/s <= 140KB/s | 数据量: 0.2KB | 总耗时: 0.65s
[2026-06-10 15:56:31] ⚠️ 仅读取 0.3KB 数据: http://tvfile.jyrmt.cn/nmip-media/channellive/channel104452/playlist.m3u8
[2026-06-10 15:56:31] ✅ 测速成功: http://tvfile.jyrmt.cn/nmip-media/channellive/channel104452/playlist.m3u8
   速度: 259.77KB/s > 140KB/s | 数据量: 0.3KB | 总耗时: 2.37s
[2026-06-10 15:56:34] ⚠️ 仅读取 0.2KB 数据: http://zbbf2.ahbztv.com/live/418.m3u8
[2026-06-10 15:56:34] ✅ 测速成功: http://zbbf2.ahbztv.com/live/418.m3u8
   速度: 240.23KB/s > 140KB/s | 数据量: 0.2KB | 总耗时: 2.89s
[2026-06-10 15:56:36] ⚠️ 仅读取 0.8KB 数据: https://play.scrstv.com.cn/DT/live.m3u8?auth_key=60001724663204-0-0-c1cc4ded9841ac34f63cdbd3aec647ef
[2026-06-10 15:56:36] ✅ 测速成功: https://play.scrstv.com.cn/DT/live.m3u8?auth_key=60001724663204-0-0-c1cc4ded9841ac34f63cdbd3aec647ef
   速度: 761.72KB/s > 140KB/s | 数据量: 0.8KB | 总耗时: 2.13s
[2026-06-10 15:56:38] ⚠️ 仅读取 0.5KB 数据: https://jwcdnqx.hebyun.com.cn/live/rqtv1/1500k/tzwj_video.m3u8
[2026-06-10 15:56:38] ✅ 测速成功: https://jwcdnqx.hebyun.com.cn/live/rqtv1/1500k/tzwj_video.m3u8
   速度: 501.95KB/s > 140KB/s | 数据量: 0.5KB | 总耗时: 1.64s
[2026-06-10 15:56:39] ⚠️ 仅读取 0.1KB 数据: http://110.153.180.106:55555/out_3/index.m3u8
[2026-06-10 15:56:39] ⚠️ 速度不足: http://110.153.180.106:55555/out_3/index.m3u8
   速度: 79.10KB/s <= 140KB/s | 数据量: 0.1KB | 总耗时: 0.56s
[2026-06-10 15:56:46] ⚠️ 仅读取 0.3KB 数据: https://l.cztvcloud.com/channels/lantian/SXyuyao3/720p.m3u8
[2026-06-10 15:56:46] ✅ 测速成功: https://l.cztvcloud.com/channels/lantian/SXyuyao3/720p.m3u8
   速度: 292.97KB/s > 140KB/s | 数据量: 0.3KB | 总耗时: 7.31s
[2026-06-10 15:56:52] ⚠️ 仅读取 0.3KB 数据: http://liveout.btzx.com.cn/62ds9e/4nxdih.m3u8?fbl=
[2026-06-10 15:56:52] ✅ 测速成功: http://liveout.btzx.com.cn/62ds9e/4nxdih.m3u8?fbl=
   速度: 265.62KB/s > 140KB/s | 数据量: 0.3KB | 总耗时: 6.47s
[2026-06-10 15:56:54] ⚠️ 仅读取 0.3KB 数据: https://m3u8.channel.dzsm.com/nmip-media/channellive/channel105549/playlist.m3u8
[2026-06-10 15:56:54] ✅ 测速成功: https://m3u8.channel.dzsm.com/nmip-media/channellive/channel105549/playlist.m3u8
   速度: 271.48KB/s > 140KB/s | 数据量: 0.3KB | 总耗时: 1.91s
[2026-06-10 15:56:55] ⚠️ 仅读取 0.6KB 数据: http://nklive.nbs.cn/hls/75b3c462-b831-4de7-a34b-5d3221db2069/index.m3u8
[2026-06-10 15:56:55] ✅ 测速成功: http://nklive.nbs.cn/hls/75b3c462-b831-4de7-a34b-5d3221db2069/index.m3u8
   速度: 559.57KB/s > 140KB/s | 数据量: 0.6KB | 总耗时: 0.75s
[2026-06-10 15:56:56] ⚠️ 仅读取 0.3KB 数据: http://tencentplay.gztv.com/live/nanguodushi.m3u8?txSecret=140110ae3d6c936a77f94c4f4d85b0d3&txTime=18d57929bd4
[2026-06-10 15:56:56] ✅ 测速成功: http://tencentplay.gztv.com/live/nanguodushi.m3u8?txSecret=140110ae3d6c936a77f94c4f4d85b0d3&txTime=18d57929bd4
   速度: 300.78KB/s > 140KB/s | 数据量: 0.3KB | 总耗时: 0.72s
[2026-06-10 15:56:57] ⚠️ 仅读取 0.3KB 数据: http://615bbf179ba53515dccad7b1da5d1ad9.livehwc3.cn/hls.nntv.cn/nnlive/WLSH_24.m3u8?sub_m3u8=true&edge_slice=true&user_session_id=2598844eaee8a4265e706fc14b3fc11d
[2026-06-10 15:56:57] ✅ 测速成功: http://615bbf179ba53515dccad7b1da5d1ad9.livehwc3.cn/hls.nntv.cn/nnlive/WLSH_24.m3u8?sub_m3u8=true&edge_slice=true&user_session_id=2598844eaee8a4265e706fc14b3fc11d
   速度: 272.46KB/s > 140KB/s | 数据量: 0.3KB | 总耗时: 1.26s
[2026-06-10 15:56:58] ⚠️ 仅读取 0.3KB 数据: http://pili-live-hls.ybcxjd.com/jdh-live/2108111201035597.m3u8?zsicd
[2026-06-10 15:56:58] ✅ 测速成功: http://pili-live-hls.ybcxjd.com/jdh-live/2108111201035597.m3u8?zsicd
   速度: 259.77KB/s > 140KB/s | 数据量: 0.3KB | 总耗时: 0.91s
[2026-06-10 15:57:02] ⚠️ 仅读取 0.2KB 数据: https://l2fpdktp.live.sxmty.com/live/hls/e4c3b363cc4549788e2d983f403e07db/d99ce1eb686e41b9afc888110bd95aa7.m3u8?zshanxd
[2026-06-10 15:57:02] ✅ 测速成功: https://l2fpdktp.live.sxmty.com/live/hls/e4c3b363cc4549788e2d983f403e07db/d99ce1eb686e41b9afc888110bd95aa7.m3u8?zshanxd
   速度: 160.16KB/s > 140KB/s | 数据量: 0.2KB | 总耗时: 4.15s
[2026-06-10 15:57:03] ⚠️ 仅读取 0.2KB 数据: http://jrlive.jrntv.com/live/_definst_/dangjians/playlist.m3u8?%E5%85%B3%E6%B3%A8%E5%BE%AE%E4%BF%A1%E5%85%AC%E4%BC%97%E5%8F%B7[%E6%99%B4%E5%9B%AD]
[2026-06-10 15:57:03] ⚠️ 速度不足: http://jrlive.jrntv.com/live/_definst_/dangjians/playlist.m3u8?%E5%85%B3%E6%B3%A8%E5%BE%AE%E4%BF%A1%E5%85%AC%E4%BC%97%E5%8F%B7[%E6%99%B4%E5%9B%AD]
   速度: 15.05KB/s <= 140KB/s | 数据量: 0.2KB | 总耗时: 1.37s
[2026-06-10 15:57:05] ⚠️ 仅读取 0.3KB 数据: http://file.loulannews.cn/nmip-media/channellive/channel103824/playlist.m3u8
[2026-06-10 15:57:05] ✅ 测速成功: http://file.loulannews.cn/nmip-media/channellive/channel103824/playlist.m3u8
   速度: 271.48KB/s > 140KB/s | 数据量: 0.3KB | 总耗时: 1.59s
[2026-06-10 15:57:07] ⚠️ 仅读取 0.3KB 数据: https://m3u8channel-bx.yunxya.com/nmip-media/channellive/channel104666/playlist.m3u8
[2026-06-10 15:57:07] ✅ 测速成功: https://m3u8channel-bx.yunxya.com/nmip-media/channellive/channel104666/playlist.m3u8
   速度: 271.48KB/s > 140KB/s | 数据量: 0.3KB | 总耗时: 1.80s
[2026-06-10 15:57:08] ⚠️ 仅读取 0.4KB 数据: https://stream.hrbtv.net/ylpd/sd/live.m3u8
[2026-06-10 15:57:08] ✅ 测速成功: https://stream.hrbtv.net/ylpd/sd/live.m3u8
   速度: 370.12KB/s > 140KB/s | 数据量: 0.4KB | 总耗时: 0.94s
[2026-06-10 15:57:09] ⚠️ 仅读取 0.2KB 数据: http://www.guzhenm.com:7001/hls/hd-live.m3u8?%E5%85%B3%E6%B3%A8%E5%BE%AE%E4%BF%A1%E5%85%AC%E4%BC%97%E5%8F%B7[%E6%99%B4%E5%9B%AD]
[2026-06-10 15:57:09] ✅ 测速成功: http://www.guzhenm.com:7001/hls/hd-live.m3u8?%E5%85%B3%E6%B3%A8%E5%BE%AE%E4%BF%A1%E5%85%AC%E4%BC%97%E5%8F%B7[%E6%99%B4%E5%9B%AD]
   速度: 178.71KB/s > 140KB/s | 数据量: 0.2KB | 总耗时: 1.12s
[2026-06-10 15:57:11] ⚠️ 仅读取 0.1KB 数据: http://live.daningtv.com/aac_dngb/playlist.m3u8
[2026-06-10 15:57:11] ⚠️ 速度不足: http://live.daningtv.com/aac_dngb/playlist.m3u8
   速度: 67.38KB/s <= 140KB/s | 数据量: 0.1KB | 总耗时: 1.80s
[2026-06-10 15:57:13] ⚠️ 仅读取 0.7KB 数据: https://p2.vzan.com/slowlive/596867413819827251/live.m3u8?zbid=1725814272&tpid=1516989100&type=0
[2026-06-10 15:57:13] ✅ 测速成功: https://p2.vzan.com/slowlive/596867413819827251/live.m3u8?zbid=1725814272&tpid=1516989100&type=0
   速度: 689.45KB/s > 140KB/s | 数据量: 0.7KB | 总耗时: 2.24s
[2026-06-10 15:57:17] ❌ 测速失败: http://tvfile.jjrm.org.cn/nmip-media/channellive/channel106282/playlist.m3u8?zsicd
   错误: HTTPConnectionPool(host='tvfile.jjrm.org.cn', port=80): Max retries exceeded with url: /nmip-media/channellive/channel106282/playlist.m3u8?zsicd (Caused by ConnectTimeoutError(<HTTPConnection(host='tvfile.jjrm.org.cn', port=80) at 0x7f72779eeb80>, 'Connection to tvfile.jjrm.org.cn timed out. (connect timeout=3.05)')) | 域名: tvfile.jjrm.org.cn:80
[2026-06-10 15:57:17] ⚠️ 仅读取 0.3KB 数据: http://218.84.12.186:8002/hls/main/playlist.m3u8?zxinjd
[2026-06-10 15:57:17] ✅ 测速成功: http://218.84.12.186:8002/hls/main/playlist.m3u8?zxinjd
   速度: 326.17KB/s > 140KB/s | 数据量: 0.3KB | 总耗时: 0.57s
[2026-06-10 15:57:18] ⚠️ 仅读取 0.2KB 数据: http://dspdhls.appcoo.com:8888/live/dspd/index.m3u8
[2026-06-10 15:57:18] ✅ 测速成功: http://dspdhls.appcoo.com:8888/live/dspd/index.m3u8
   速度: 155.27KB/s > 140KB/s | 数据量: 0.2KB | 总耗时: 0.40s
[2026-06-10 15:57:20] ⚠️ 仅读取 0.4KB 数据: http://lbyzztfe.live.sxmty.com/live/hls/645ff4c60e0a49f0a203abbd73dd8be9/0720e665f10f48e98c9639f4f492fb4a-1.m3u8?zshanxd
[2026-06-10 15:57:20] ✅ 测速成功: http://lbyzztfe.live.sxmty.com/live/hls/645ff4c60e0a49f0a203abbd73dd8be9/0720e665f10f48e98c9639f4f492fb4a-1.m3u8?zshanxd
   速度: 437.50KB/s > 140KB/s | 数据量: 0.4KB | 总耗时: 1.86s
[2026-06-10 15:57:20] ⚠️ 仅读取 0.3KB 数据: http://yixing-tv-ori-hls.jstv.com/yixing-tv-ori/yixing_xw.m3u8
[2026-06-10 15:57:20] ✅ 测速成功: http://yixing-tv-ori-hls.jstv.com/yixing-tv-ori/yixing_xw.m3u8
   速度: 257.81KB/s > 140KB/s | 数据量: 0.3KB | 总耗时: 0.42s
[2026-06-10 15:57:21] ⚠️ 仅读取 1.0KB 数据: http://play-sh13.quklive.com/live/1690167908295069.m3u8?auth_key=2027466211-f190eec410c24473825cbe1d8541e545-0-f21db57ae1b534802c1cf7be86cc3aef
[2026-06-10 15:57:21] ✅ 测速成功: http://play-sh13.quklive.com/live/1690167908295069.m3u8?auth_key=2027466211-f190eec410c24473825cbe1d8541e545-0-f21db57ae1b534802c1cf7be86cc3aef
   速度: 1013.67KB/s > 140KB/s | 数据量: 1.0KB | 总耗时: 0.62s
[2026-06-10 15:57:22] ⚠️ 仅读取 0.4KB 数据: https://tntgjhjb.live.sxmty.com/live/hls/3a4585ac11ec4e1bb07b419101b370c3/baf63e2b313440c2a25d7859f9b73b05-1.m3u8?zshanxd
[2026-06-10 15:57:22] ✅ 测速成功: https://tntgjhjb.live.sxmty.com/live/hls/3a4585ac11ec4e1bb07b419101b370c3/baf63e2b313440c2a25d7859f9b73b05-1.m3u8?zshanxd
   速度: 429.69KB/s > 140KB/s | 数据量: 0.4KB | 总耗时: 1.28s
[2026-06-10 15:57:24] ⚠️ 仅读取 0.3KB 数据: http://live1.gatv.com.cn:85/live/GGPD_ggpdzm.m3u8
[2026-06-10 15:57:24] ⚠️ 速度不足: http://live1.gatv.com.cn:85/live/GGPD_ggpdzm.m3u8
   速度: 1.14KB/s <= 140KB/s | 数据量: 0.3KB | 总耗时: 1.69s
[2026-06-10 15:57:29] ⚠️ 仅读取 0.3KB 数据: https://live.gdtv.ah.cn/live/newsTV.m3u8
[2026-06-10 15:57:29] ✅ 测速成功: https://live.gdtv.ah.cn/live/newsTV.m3u8
   速度: 333.98KB/s > 140KB/s | 数据量: 0.3KB | 总耗时: 5.42s
[2026-06-10 15:57:30] ⚠️ 仅读取 0.1KB 数据: http://stream5.jlntv.cn/wq/playlist.m3u8
[2026-06-10 15:57:30] ⚠️ 速度不足: http://stream5.jlntv.cn/wq/playlist.m3u8
   速度: 91.80KB/s <= 140KB/s | 数据量: 0.1KB | 总耗时: 0.87s
[2026-06-10 15:57:32] ⚠️ 仅读取 0.2KB 数据: https://play.kankanlive.com/live/1720583434627241.m3u8
[2026-06-10 15:57:32] ✅ 测速成功: https://play.kankanlive.com/live/1720583434627241.m3u8
   速度: 250.00KB/s > 140KB/s | 数据量: 0.2KB | 总耗时: 1.86s
[2026-06-10 15:57:34] ⚠️ 仅读取 0.4KB 数据: http://stream11.jlntv.cn/dehuitv/sd/live.m3u8
[2026-06-10 15:57:34] ✅ 测速成功: http://stream11.jlntv.cn/dehuitv/sd/live.m3u8
   速度: 370.12KB/s > 140KB/s | 数据量: 0.4KB | 总耗时: 2.64s
[2026-06-10 15:57:35] ⚠️ 仅读取 0.1KB 数据: http://stream8.jlntv.cn/dhtv/playlist.m3u8
[2026-06-10 15:57:35] ⚠️ 速度不足: http://stream8.jlntv.cn/dhtv/playlist.m3u8
   速度: 91.80KB/s <= 140KB/s | 数据量: 0.1KB | 总耗时: 0.96s
[2026-06-10 15:57:36] ⚠️ 仅读取 0.4KB 数据: http://live.xysrmt.cn/xwzh/sd/live.m3u8?zjiangsd"
[2026-06-10 15:57:36] ✅ 测速成功: http://live.xysrmt.cn/xwzh/sd/live.m3u8?zjiangsd"
   速度: 371.09KB/s > 140KB/s | 数据量: 0.4KB | 总耗时: 1.13s
[2026-06-10 15:57:37] ⚠️ 仅读取 2.0KB 数据: http://tvpull.dxhmt.cn:9081/tv/11329-1.m3u8
[2026-06-10 15:57:37] ✅ 测速成功: http://tvpull.dxhmt.cn:9081/tv/11329-1.m3u8
   速度: 1970.70KB/s > 140KB/s | 数据量: 2.0KB | 总耗时: 0.44s
[2026-06-10 15:57:39] ⚠️ 仅读取 0.3KB 数据: https://m3u8channel.yunxya.com/nmip-media/channellive/channel100028/playlist.m3u8
[2026-06-10 15:57:39] ✅ 测速成功: https://m3u8channel.yunxya.com/nmip-media/channellive/channel100028/playlist.m3u8
   速度: 271.48KB/s > 140KB/s | 数据量: 0.3KB | 总耗时: 1.74s
[2026-06-10 15:57:42] ⚠️ 仅读取 7.6KB 数据: https://stream.thmz.com/wxtv2/playlist.m3u8
[2026-06-10 15:57:42] ✅ 测速成功: https://stream.thmz.com/wxtv2/playlist.m3u8
   速度: 7551.76KB/s > 140KB/s | 数据量: 7.6KB | 总耗时: 2.98s
[2026-06-10 15:57:43] ⚠️ 仅读取 7.6KB 数据: http://stream.thmz.com/wxtv2/playlist.m3u8?_upt=5ff4061f1706166872
[2026-06-10 15:57:43] ✅ 测速成功: http://stream.thmz.com/wxtv2/playlist.m3u8?_upt=5ff4061f1706166872
   速度: 7551.76KB/s > 140KB/s | 数据量: 7.6KB | 总耗时: 1.42s
[2026-06-10 15:57:44] ⚠️ 仅读取 0.3KB 数据: http://channel.wcrmt.cn:80/nmip-media/channellive/channel105268/playlist.m3u8
[2026-06-10 15:57:44] ✅ 测速成功: http://channel.wcrmt.cn:80/nmip-media/channellive/channel105268/playlist.m3u8
   速度: 265.62KB/s > 140KB/s | 数据量: 0.3KB | 总耗时: 1.13s
[2026-06-10 15:57:46] ⚠️ 仅读取 0.2KB 数据: http://live.spccmc.com:90/live/spxwzh.m3u8?%E5%85%B3%E6%B3%A8%E5%BE%AE%E4%BF%A1%E5%85%AC%E4%BC%97%E5%8F%B7[%E6%99%B4%E5%9B%AD]
[2026-06-10 15:57:46] ⚠️ 速度不足: http://live.spccmc.com:90/live/spxwzh.m3u8?%E5%85%B3%E6%B3%A8%E5%BE%AE%E4%BF%A1%E5%85%AC%E4%BC%97%E5%8F%B7[%E6%99%B4%E5%9B%AD]
   速度: 1.10KB/s <= 140KB/s | 数据量: 0.2KB | 总耗时: 1.34s
[2026-06-10 15:57:51] ⚠️ 仅读取 0.4KB 数据: https://zb-live.ynurl.com/yimen/3b75a2f9-7941-46b7-992d-a9796fbca5fe.m3u8
[2026-06-10 15:57:51] ✅ 测速成功: https://zb-live.ynurl.com/yimen/3b75a2f9-7941-46b7-992d-a9796fbca5fe.m3u8
   速度: 379.88KB/s > 140KB/s | 数据量: 0.4KB | 总耗时: 5.40s
[2026-06-10 15:57:52] ⚠️ 仅读取 0.1KB 数据: http://zb.gxlbamc.com:1935/live/lbzh.stream/playlist.m3u8
[2026-06-10 15:57:52] ⚠️ 速度不足: http://zb.gxlbamc.com:1935/live/lbzh.stream/playlist.m3u8
   速度: 0.66KB/s <= 140KB/s | 数据量: 0.1KB | 总耗时: 1.08s
[2026-06-10 15:57:53] ⚠️ 仅读取 0.3KB 数据: https://live.wjyanghu.com/live/CH1.m3u8
[2026-06-10 15:57:53] ✅ 测速成功: https://live.wjyanghu.com/live/CH1.m3u8
   速度: 267.58KB/s > 140KB/s | 数据量: 0.3KB | 总耗时: 0.89s
[2026-06-10 15:57:54] ⚠️ 仅读取 0.3KB 数据: http://59.175.226.142:280/gb28181/xwzh.m3u8?zhubd
[2026-06-10 15:57:54] ⚠️ 速度不足: http://59.175.226.142:280/gb28181/xwzh.m3u8?zhubd
   速度: 1.21KB/s <= 140KB/s | 数据量: 0.3KB | 总耗时: 0.64s
[2026-06-10 15:57:55] ⚠️ 仅读取 0.2KB 数据: http://live.iwcmt.cn:90/live/zhxw.m3u8
[2026-06-10 15:57:55] ⚠️ 速度不足: http://live.iwcmt.cn:90/live/zhxw.m3u8
   速度: 1.20KB/s <= 140KB/s | 数据量: 0.2KB | 总耗时: 1.31s
[2026-06-10 15:57:59] ⚠️ 仅读取 0.3KB 数据: http://file.ysxtv.cn/cms/videos/nmip-media/channellive/channel4/playlist.m3u8?zsicd
[2026-06-10 15:57:59] ✅ 测速成功: http://file.ysxtv.cn/cms/videos/nmip-media/channellive/channel4/playlist.m3u8?zsicd
   速度: 265.62KB/s > 140KB/s | 数据量: 0.3KB | 总耗时: 3.99s
[2026-06-10 15:58:09] RTMP检测成功: rtmp://tv.mcrm.org.cn:1935/channellive/tv01
[2026-06-10 15:58:14] ❌ 测速失败: https://radio.pull.hebtv.com/live/hebnczx.m3u8
   错误: HTTPSConnectionPool(host='radio.pull.hebtv.com', port=443): Max retries exceeded with url: /live/hebnczx.m3u8 (Caused by ConnectTimeoutError(<HTTPSConnection(host='radio.pull.hebtv.com', port=443) at 0x7f72779fa790>, 'Connection to radio.pull.hebtv.com timed out. (connect timeout=3.05)')) | 域名: radio.pull.hebtv.com:443
[2026-06-10 15:58:15] ⚠️ 仅读取 0.4KB 数据: http://tmpstream.hyrtv.cn/hygg/sd/live.m3u8
[2026-06-10 15:58:15] ✅ 测速成功: http://tmpstream.hyrtv.cn/hygg/sd/live.m3u8
   速度: 354.49KB/s > 140KB/s | 数据量: 0.4KB | 总耗时: 0.86s
[2026-06-10 15:58:19] ❌ 测速失败: http://live1.habctv.com/ggpdsl/sd/live.m3u8?zjiangsd
   错误: HTTPConnectionPool(host='live1.habctv.com', port=80): Max retries exceeded with url: /ggpdsl/sd/live.m3u8?zjiangsd (Caused by ConnectTimeoutError(<HTTPConnection(host='live1.habctv.com', port=80) at 0x7f72779ee280>, 'Connection to live1.habctv.com timed out. (connect timeout=3.05)')) | 域名: live1.habctv.com:80
[2026-06-10 15:58:19] ⚠️ 仅读取 0.8KB 数据: http://3739115337.cloudvdn.com/a.m3u8?domain=siyang-tv-hls.cm.jstv.com&player=nwEAAKHdjSKP_58X&secondToken=secondToken%3A5FUijZmDyNMxtCDdne0YzSAwjuw&streamid=siyang-tv%3Asiyang-tv%2Fsiyangzh&v3=1
[2026-06-10 15:58:19] ✅ 测速成功: http://3739115337.cloudvdn.com/a.m3u8?domain=siyang-tv-hls.cm.jstv.com&player=nwEAAKHdjSKP_58X&secondToken=secondToken%3A5FUijZmDyNMxtCDdne0YzSAwjuw&streamid=siyang-tv%3Asiyang-tv%2Fsiyangzh&v3=1
   速度: 776.37KB/s > 140KB/s | 数据量: 0.8KB | 总耗时: 0.63s
[2026-06-10 15:58:23] ❌ 测速失败: http://lxfile.lxxcb.cn/nmip-media/channellive/channel103799/playlist.m3u8
   错误: HTTPConnectionPool(host='lxfile.lxxcb.cn', port=80): Max retries exceeded with url: /nmip-media/channellive/channel103799/playlist.m3u8 (Caused by NewConnectionError("HTTPConnection(host='lxfile.lxxcb.cn', port=80): Failed to establish a new connection: [Errno 101] Network is unreachable")) | 域名: lxfile.lxxcb.cn:80
[2026-06-10 15:58:25] ⚠️ 仅读取 0.3KB 数据: https://m3u8channel.ganzitv.com/nmip-media/channellive/channel1/playlist.m3u8
[2026-06-10 15:58:25] ✅ 测速成功: https://m3u8channel.ganzitv.com/nmip-media/channellive/channel1/playlist.m3u8
   速度: 271.48KB/s > 140KB/s | 数据量: 0.3KB | 总耗时: 1.47s
[2026-06-10 15:58:27] ⚠️ 仅读取 0.3KB 数据: http://play.jinnantv.top/live/JNTV1.m3u8?ztianjd
[2026-06-10 15:58:27] ✅ 测速成功: http://play.jinnantv.top/live/JNTV1.m3u8?ztianjd
   速度: 250.98KB/s > 140KB/s | 数据量: 0.3KB | 总耗时: 2.05s
[2026-06-10 15:58:29] ⚠️ 仅读取 0.7KB 数据: https://p2hs.vzan.com/slowlive/317913155078575177/live.m3u8
[2026-06-10 15:58:29] ✅ 测速成功: https://p2hs.vzan.com/slowlive/317913155078575177/live.m3u8
   速度: 683.59KB/s > 140KB/s | 数据量: 0.7KB | 总耗时: 2.63s
[2026-06-10 15:58:30] ⚠️ 仅读取 0.2KB 数据: http://lianshui-tv-hls.cm.jstv.com/lianshui-tv/lsxw.m3u8?zjiangsd
[2026-06-10 15:58:30] ✅ 测速成功: http://lianshui-tv-hls.cm.jstv.com/lianshui-tv/lsxw.m3u8?zjiangsd
   速度: 237.30KB/s > 140KB/s | 数据量: 0.2KB | 总耗时: 0.62s
[2026-06-10 15:58:33] ⚠️ 仅读取 0.4KB 数据: https://huaiyin-tv-replay.cm.jstv.com/huaiyin-tv/huaiyinf.m3u8
[2026-06-10 15:58:33] ✅ 测速成功: https://huaiyin-tv-replay.cm.jstv.com/huaiyin-tv/huaiyinf.m3u8
   速度: 431.64KB/s > 140KB/s | 数据量: 0.4KB | 总耗时: 2.88s
[2026-06-10 15:58:34] ⚠️ 仅读取 1.1KB 数据: http://hzcm-live.media.hugd.com/1e6b554b9ab74513958c0e1ffe664d22/9acaa7634309494cb29a85eb12136607.m3u8?auth_key=2272900830-9a2389b8bf4e49d580d4ad807423d326-0-ea78a5c7a678c436263582d368f5009e
[2026-06-10 15:58:34] ✅ 测速成功: http://hzcm-live.media.hugd.com/1e6b554b9ab74513958c0e1ffe664d22/9acaa7634309494cb29a85eb12136607.m3u8?auth_key=2272900830-9a2389b8bf4e49d580d4ad807423d326-0-ea78a5c7a678c436263582d368f5009e
   速度: 1118.16KB/s > 140KB/s | 数据量: 1.1KB | 总耗时: 1.44s
[2026-06-10 15:58:36] ⚠️ 仅读取 0.5KB 数据: http://jwplay.hebyun.com.cn/live/LPTV001/1500k/tzwj_video.m3u8
[2026-06-10 15:58:36] ✅ 测速成功: http://jwplay.hebyun.com.cn/live/LPTV001/1500k/tzwj_video.m3u8
   速度: 520.51KB/s > 140KB/s | 数据量: 0.5KB | 总耗时: 1.54s
[2026-06-10 15:58:37] ⚠️ 仅读取 1.9KB 数据: http://traffic.jbh.tjbh.com/live/bhtv10/playlist.m3u8
[2026-06-10 15:58:37] ✅ 测速成功: http://traffic.jbh.tjbh.com/live/bhtv10/playlist.m3u8
   速度: 1936.52KB/s > 140KB/s | 数据量: 1.9KB | 总耗时: 0.83s
[2026-06-10 15:58:43] ❌ 测速失败: http://live.yantaitv.cn/live/e50f104a4ffe4a41b2217cbda534146f/d86092e69df94668b33390278b061700-1.m3u8
   错误: HTTPConnectionPool(host='live.yantaitv.cn', port=80): Read timed out. (read timeout=5) | 域名: live.yantaitv.cn:80
[2026-06-10 15:58:43] ⚠️ 仅读取 0.2KB 数据: http://218.84.127.245:1026/hls/main1/playlist.m3u8?zxinjd,
[2026-06-10 15:58:43] ✅ 测速成功: http://218.84.127.245:1026/hls/main1/playlist.m3u8?zxinjd,
   速度: 233.40KB/s > 140KB/s | 数据量: 0.2KB | 总耗时: 0.55s
[2026-06-10 15:58:47] ⚠️ 仅读取 0.7KB 数据: http://live.shaoxing.com.cn/video/s10001-sxtv2/index.m3u8
[2026-06-10 15:58:47] ✅ 测速成功: http://live.shaoxing.com.cn/video/s10001-sxtv2/index.m3u8
   速度: 681.64KB/s > 140KB/s | 数据量: 0.7KB | 总耗时: 3.11s
[2026-06-10 15:58:47] ⚠️ 仅读取 0.3KB 数据: https://live-auth.51kandianshi.com/szgd/csztv3.m3u8
[2026-06-10 15:58:47] ✅ 测速成功: https://live-auth.51kandianshi.com/szgd/csztv3.m3u8
   速度: 286.13KB/s > 140KB/s | 数据量: 0.3KB | 总耗时: 0.68s
[2026-06-10 15:58:53] ⚠️ 仅读取 0.4KB 数据: http://stream.jmtv.com.cn/xwzh/sd/live.m3u8
[2026-06-10 15:58:53] ✅ 测速成功: http://stream.jmtv.com.cn/xwzh/sd/live.m3u8
   速度: 356.45KB/s > 140KB/s | 数据量: 0.4KB | 总耗时: 5.39s
[2026-06-10 15:58:56] ⚠️ 仅读取 0.1KB 数据: https://stream.jmtv.com.cn/xwzh/playlist.m3u8?_upt=3e28e7271664278691
[2026-06-10 15:58:56] ⚠️ 速度不足: https://stream.jmtv.com.cn/xwzh/playlist.m3u8?_upt=3e28e7271664278691
   速度: 68.36KB/s <= 140KB/s | 数据量: 0.1KB | 总耗时: 3.43s
[2026-06-10 15:59:02] ⚠️ 仅读取 0.3KB 数据: https://m3u8channel-yj.yunxya.com/nmip-media/channellive/channel101140/playlist.m3u8
[2026-06-10 15:59:02] ✅ 测速成功: https://m3u8channel-yj.yunxya.com/nmip-media/channellive/channel101140/playlist.m3u8
   速度: 271.48KB/s > 140KB/s | 数据量: 0.3KB | 总耗时: 5.50s
[2026-06-10 15:59:03] ⚠️ 仅读取 0.3KB 数据: https://file.ysxtv.cn/nmip-media/channellive/channel101492/playlist.m3u8
[2026-06-10 15:59:03] ✅ 测速成功: https://file.ysxtv.cn/nmip-media/channellive/channel101492/playlist.m3u8
   速度: 271.48KB/s > 140KB/s | 数据量: 0.3KB | 总耗时: 1.69s
[2026-06-10 15:59:04] ⚠️ 仅读取 0.4KB 数据: https://liveplay-srs.voc.com.cn/hls/tv/183_554704.m3u8
[2026-06-10 15:59:04] ✅ 测速成功: https://liveplay-srs.voc.com.cn/hls/tv/183_554704.m3u8
   速度: 362.30KB/s > 140KB/s | 数据量: 0.4KB | 总耗时: 1.23s
[2026-06-10 15:59:05] ⚠️ 仅读取 0.2KB 数据: http://112.46.105.20:8009/hls/28/index.m3u8
[2026-06-10 15:59:05] ✅ 测速成功: http://112.46.105.20:8009/hls/28/index.m3u8
   速度: 240.23KB/s > 140KB/s | 数据量: 0.2KB | 总耗时: 0.35s
[2026-06-10 15:59:06] ⚠️ 仅读取 0.3KB 数据: https://pili-live-hls-sjxgz2024.sobeylive.com/jxgz2024/396_q_live172526334096251.m3u8
[2026-06-10 15:59:06] ✅ 测速成功: https://pili-live-hls-sjxgz2024.sobeylive.com/jxgz2024/396_q_live172526334096251.m3u8
   速度: 275.39KB/s > 140KB/s | 数据量: 0.3KB | 总耗时: 1.17s
[2026-06-10 15:59:08] ⚠️ 仅读取 0.2KB 数据: http://zjtv-wshls.homecdn.com/live/2aa16.m3u8
[2026-06-10 15:59:08] ✅ 测速成功: http://zjtv-wshls.homecdn.com/live/2aa16.m3u8
   速度: 195.31KB/s > 140KB/s | 数据量: 0.2KB | 总耗时: 2.08s
[2026-06-10 15:59:10] ⚠️ 仅读取 0.2KB 数据: http://cm-wshls.homecdn.com/live/2aa50.m3u8
[2026-06-10 15:59:10] ✅ 测速成功: http://cm-wshls.homecdn.com/live/2aa50.m3u8
   速度: 193.36KB/s > 140KB/s | 数据量: 0.2KB | 总耗时: 1.95s
[2026-06-10 15:59:14] ⚠️ 仅读取 2.1KB 数据: https://www.wxhcgbds.com:8081/channelTv/WXTV_1.m3u8?zshanxd
[2026-06-10 15:59:14] ✅ 测速成功: https://www.wxhcgbds.com:8081/channelTv/WXTV_1.m3u8?zshanxd
   速度: 2119.14KB/s > 140KB/s | 数据量: 2.1KB | 总耗时: 3.72s
[2026-06-10 15:59:20] ⚠️ 仅读取 0.4KB 数据: https://play.yunxya.com/channellive/xinwen.m3u8
[2026-06-10 15:59:20] ✅ 测速成功: https://play.yunxya.com/channellive/xinwen.m3u8
   速度: 363.28KB/s > 140KB/s | 数据量: 0.4KB | 总耗时: 5.78s
[2026-06-10 15:59:20] ⚠️ 仅读取 0.3KB 数据: http://qcfile.qcrmt.com/nmip-media/channellive/channel100933/playlist.m3u8
[2026-06-10 15:59:20] ✅ 测速成功: http://qcfile.qcrmt.com/nmip-media/channellive/channel100933/playlist.m3u8
   速度: 265.62KB/s > 140KB/s | 数据量: 0.3KB | 总耗时: 0.81s
[2026-06-10 15:59:22] ⚠️ 仅读取 0.4KB 数据: http://hslive.hsnewsnet.com/lsdream/iY92ady/1000/live.m3u8?zanhd
[2026-06-10 15:59:22] ✅ 测速成功: http://hslive.hsnewsnet.com/lsdream/iY92ady/1000/live.m3u8?zanhd
   速度: 353.52KB/s > 140KB/s | 数据量: 0.4KB | 总耗时: 1.73s
[2026-06-10 15:59:23] ⚠️ 仅读取 0.4KB 数据: https://english-livetx.cgtn.com/hls/yypdjlctzb_hd.m3u8
[2026-06-10 15:59:23] ✅ 测速成功: https://english-livetx.cgtn.com/hls/yypdjlctzb_hd.m3u8
   速度: 402.34KB/s > 140KB/s | 数据量: 0.4KB | 总耗时: 1.12s
[2026-06-10 15:59:25] ⚠️ 仅读取 7.6KB 数据: http://newcntv.qcloudcdn.com/asp/hls/4000/0303000a/3/default/2bdfdad540b342f592f9817cb7f3b79a/4000.m3u8
[2026-06-10 15:59:25] ✅ 测速成功: http://newcntv.qcloudcdn.com/asp/hls/4000/0303000a/3/default/2bdfdad540b342f592f9817cb7f3b79a/4000.m3u8
   速度: 7620.12KB/s > 140KB/s | 数据量: 7.6KB | 总耗时: 1.77s
[2026-06-10 15:59:28] ⚠️ 仅读取 0.3KB 数据: https://liveout.btzx.com.cn/62ds9e/6o77s4.m3u8?zxinjd
[2026-06-10 15:59:28] ✅ 测速成功: https://liveout.btzx.com.cn/62ds9e/6o77s4.m3u8?zxinjd
   速度: 265.62KB/s > 140KB/s | 数据量: 0.3KB | 总耗时: 2.75s
[2026-06-10 15:59:29] ⚠️ 仅读取 0.4KB 数据: http://222.179.155.21:1935/ch1.m3u8?zzhongqd
[2026-06-10 15:59:29] ✅ 测速成功: http://222.179.155.21:1935/ch1.m3u8?zzhongqd
   速度: 403.32KB/s > 140KB/s | 数据量: 0.4KB | 总耗时: 1.55s
[2026-06-10 15:59:31] ⚠️ 仅读取 5.4KB 数据: https://hls.cntv.lxdns.com/asp/hls/2000/0303000a/3/default/f0a47e155d32450daa1d36a04fd7d262/2000.m3u8
[2026-06-10 15:59:31] ✅ 测速成功: https://hls.cntv.lxdns.com/asp/hls/2000/0303000a/3/default/f0a47e155d32450daa1d36a04fd7d262/2000.m3u8
   速度: 5388.67KB/s > 140KB/s | 数据量: 5.4KB | 总耗时: 1.52s
[2026-06-10 15:59:32] ⚠️ 仅读取 5.7KB 数据: https://newcntv.qcloudcdn.com/asp/hls/2000/0303000a/3/default/d2454bbb542d4613a9db478dab2addfd/2000.m3u8
[2026-06-10 15:59:32] ✅ 测速成功: https://newcntv.qcloudcdn.com/asp/hls/2000/0303000a/3/default/d2454bbb542d4613a9db478dab2addfd/2000.m3u8
   速度: 5678.71KB/s > 140KB/s | 数据量: 5.7KB | 总耗时: 1.05s
[2026-06-10 15:59:35] ✅ 测速成功: https://www.goodiptv.club/douyu/5907076
   速度: 435.56KB/s > 140KB/s | 数据量: 104.0KB | 总耗时: 3.28s
[2026-06-10 15:59:36] ⚠️ 仅读取 0.7KB 数据: https://AMChls.wns.live/hls/stream.m3u8
[2026-06-10 15:59:36] ✅ 测速成功: https://AMChls.wns.live/hls/stream.m3u8
   速度: 701.17KB/s > 140KB/s | 数据量: 0.7KB | 总耗时: 0.50s
[2026-06-10 15:59:36] ⚠️ 仅读取 0.3KB 数据: http://61.221.215.25:8800/hls/49/index.m3u8
[2026-06-10 15:59:36] ✅ 测速成功: http://61.221.215.25:8800/hls/49/index.m3u8
   速度: 252.93KB/s > 140KB/s | 数据量: 0.3KB | 总耗时: 0.29s
[2026-06-10 15:59:37] ✅ 测速成功: https://alimov2.a.kwimgs.com/upic/2023/01/13/22/BMjAyMzAxMTMyMjEwMDNfNDAzMDAxOTlfOTM1MTIzMzYwODJfMF8z_b_B647d10e431b4cc5e48e6c77347d69021.mp4
   速度: 1193.19KB/s > 140KB/s | 数据量: 104.0KB | 总耗时: 0.86s
[2026-06-10 15:59:38] ⚠️ 仅读取 0.4KB 数据: https://svip.high24-playback.com/20250129/17159_7bca93c4/2000k/hls/mixed.m3u8
[2026-06-10 15:59:38] ✅ 测速成功: https://svip.high24-playback.com/20250129/17159_7bca93c4/2000k/hls/mixed.m3u8
   速度: 398.44KB/s > 140KB/s | 数据量: 0.4KB | 总耗时: 1.72s
[2026-06-10 15:59:40] ⚠️ 仅读取 0.1KB 数据: http://gctxyc.liveplay.myqcloud.com/gc/xjtcdhsz_1/index.m3u8
[2026-06-10 15:59:40] ⚠️ 速度不足: http://gctxyc.liveplay.myqcloud.com/gc/xjtcdhsz_1/index.m3u8
   速度: 99.61KB/s <= 140KB/s | 数据量: 0.1KB | 总耗时: 1.06s
[2026-06-10 15:59:40] ⚠️ 仅读取 0.1KB 数据: http://43.156.8.127:5050/ysp?id=2024078201&pid=600001859&q=fhd
[2026-06-10 15:59:40] ⚠️ 速度不足: http://43.156.8.127:5050/ysp?id=2024078201&pid=600001859&q=fhd
   速度: 65.43KB/s <= 140KB/s | 数据量: 0.1KB | 总耗时: 0.56s
[2026-06-10 15:59:42] ⚠️ 仅读取 1.6KB 数据: https://my9.ltd/momo-480.mp4
[2026-06-10 15:59:42] ✅ 测速成功: https://my9.ltd/momo-480.mp4
   速度: 1567.38KB/s > 140KB/s | 数据量: 1.6KB | 总耗时: 1.63s
[2026-06-10 15:59:42] ⚠️ 仅读取 0.1KB 数据: https://gctxyc.liveplay.myqcloud.com/gc/dlst03_1/index.m3u8
[2026-06-10 15:59:42] ⚠️ 速度不足: https://gctxyc.liveplay.myqcloud.com/gc/dlst03_1/index.m3u8
   速度: 97.66KB/s <= 140KB/s | 数据量: 0.1KB | 总耗时: 0.74s
[2026-06-10 15:59:43] ✅ 测速成功: http://183.222.15.202:4321/rtp/239.11.0.65:5140
   速度: 181.55KB/s > 140KB/s | 数据量: 104.0KB | 总耗时: 0.96s
[2026-06-10 15:59:44] ✅ 测速成功: http://223.86.170.98:4500/rtp/239.11.0.65:5140
   速度: 172.10KB/s > 140KB/s | 数据量: 104.0KB | 总耗时: 1.02s
[2026-06-10 15:59:46] ⚠️ 仅读取 0.1KB 数据: http://p.ytelc.com/169l/0/cctv.php?id=cctv4k
[2026-06-10 15:59:46] ⚠️ 速度不足: http://p.ytelc.com/169l/0/cctv.php?id=cctv4k
   速度: 134.77KB/s <= 140KB/s | 数据量: 0.1KB | 总耗时: 1.50s
[2026-06-10 15:59:47] ⚠️ 仅读取 1.0KB 数据: https://live-play-hls.cctvnews.cctv.com/CCTVChannel/channel_cctv4_mbd.m3u8?auth_key=1781110800-1-b59134a2ead43d7f783f943c8f535e7bb80c5169575b2e8efcd5b3ddea21b41c-6ad0f8cd85569e3880f88857923e474e&yid=b59134a2ead43d7f783f943c8f535e7bb80c5169575b2e8efcd5b3ddea21b41c
[2026-06-10 15:59:47] ✅ 测速成功: https://live-play-hls.cctvnews.cctv.com/CCTVChannel/channel_cctv4_mbd.m3u8?auth_key=1781110800-1-b59134a2ead43d7f783f943c8f535e7bb80c5169575b2e8efcd5b3ddea21b41c-6ad0f8cd85569e3880f88857923e474e&yid=b59134a2ead43d7f783f943c8f535e7bb80c5169575b2e8efcd5b3ddea21b41c
   速度: 1043.95KB/s > 140KB/s | 数据量: 1.0KB | 总耗时: 0.65s
[2026-06-10 15:59:48] ⚠️ 仅读取 0.3KB 数据: https://v4-702cae17a28d6e4f0c0002bba021d934.livehwc4.com/play.kankanlive.com/live/1698423397390920.m3u8?sub_m3u8=true&edge_slice=true&user_session_id=c96f1bd01f839eca4ce0081652777994
[2026-06-10 15:59:48] ✅ 测速成功: https://v4-702cae17a28d6e4f0c0002bba021d934.livehwc4.com/play.kankanlive.com/live/1698423397390920.m3u8?sub_m3u8=true&edge_slice=true&user_session_id=c96f1bd01f839eca4ce0081652777994
   速度: 302.73KB/s > 140KB/s | 数据量: 0.3KB | 总耗时: 1.74s
[2026-06-10 15:59:49] ⚠️ 仅读取 0.9KB 数据: http://120.76.248.139/live/bfgd/4200000488.m3u8
[2026-06-10 15:59:49] ✅ 测速成功: http://120.76.248.139/live/bfgd/4200000488.m3u8
   速度: 857.42KB/s > 140KB/s | 数据量: 0.9KB | 总耗时: 0.40s
[2026-06-10 15:59:50] ⚠️ 仅读取 0.3KB 数据: http://php.jdshipin.com/TVOD/iptv.php?id=fhzw
[2026-06-10 15:59:50] ✅ 测速成功: http://php.jdshipin.com/TVOD/iptv.php?id=fhzw
   速度: 294.92KB/s > 140KB/s | 数据量: 0.3KB | 总耗时: 1.56s
[2026-06-10 15:59:52] ⚠️ 仅读取 0.3KB 数据: http://8.138.7.223/tv/jsws4k.php
[2026-06-10 15:59:52] ✅ 测速成功: http://8.138.7.223/tv/jsws4k.php
   速度: 294.92KB/s > 140KB/s | 数据量: 0.3KB | 总耗时: 1.96s
[2026-06-10 15:59:52] ⚠️ 仅读取 0.3KB 数据: http://php.jdshipin.com:8880/TVOD/iptv.php?id=as
[2026-06-10 15:59:52] ✅ 测速成功: http://php.jdshipin.com:8880/TVOD/iptv.php?id=as
   速度: 283.20KB/s > 140KB/s | 数据量: 0.3KB | 总耗时: 0.22s
[2026-06-10 15:59:53] ⚠️ 仅读取 0.6KB 数据: http://stream.snrtv.com/sxbc-star-kFKOV0.m3u8
[2026-06-10 15:59:53] ✅ 测速成功: http://stream.snrtv.com/sxbc-star-kFKOV0.m3u8
   速度: 555.66KB/s > 140KB/s | 数据量: 0.6KB | 总耗时: 0.84s
[2026-06-10 15:59:54] ⚠️ 仅读取 0.1KB 数据: https://raw.githubusercontent.com/ChiSheng9/iptv/master/TV03.m3u8
[2026-06-10 15:59:54] ⚠️ 速度不足: https://raw.githubusercontent.com/ChiSheng9/iptv/master/TV03.m3u8
   速度: 62.50KB/s <= 140KB/s | 数据量: 0.1KB | 总耗时: 0.30s
[2026-06-10 15:59:55] ⚠️ 仅读取 0.2KB 数据: https://v3.mediacast.hk/webcast/bshdlive-pc/chunklist_w99771165.m3u8
[2026-06-10 15:59:55] ✅ 测速成功: https://v3.mediacast.hk/webcast/bshdlive-pc/chunklist_w99771165.m3u8
   速度: 208.01KB/s > 140KB/s | 数据量: 0.2KB | 总耗时: 1.17s
[2026-06-10 15:59:56] ⚠️ 仅读取 0.8KB 数据: http://www.dalitv.com.tw:4568/live/dali/index.m3u8
[2026-06-10 15:59:56] ✅ 测速成功: http://www.dalitv.com.tw:4568/live/dali/index.m3u8
   速度: 838.87KB/s > 140KB/s | 数据量: 0.8KB | 总耗时: 0.96s
[2026-06-10 15:59:58] ✅ 测速成功: https://rt-glb.rttv.com/dvr/rtnews/playlist_4500Kb.m3u8
   速度: 19851.98KB/s > 140KB/s | 数据量: 104.0KB | 总耗时: 2.60s
[2026-06-10 15:59:59] ⚠️ 仅读取 0.0KB 数据: http://phoneqq.qing.mgtv.com/nn_live/nn_x64/dWlwPTEwNi4xNC4zOC41NSZ0ZXJtPTUmcWlkPSZyYXV0aF9lbmFibGU9b2ZmJmNkbmV4X2lkPXFxX3Bob25lX2xpdmUmY2hzPSZkZWY9MSZzPTUzMzIyZWIzMjk2MzU5OTA4ODFkNzg3NjhiNDVkYzA5JnVpZD0mdXVpZD0wZDBjZjAzN2Y4YTgzNDUxNzhiOTNiYmJhYTVkZjIwZi02YTBlMjYzNyZ2PTImYXM9MCZlcz0xNzgxMDc4NDU3/HNGJMPP360.m3u8
[2026-06-10 15:59:59] ⚠️ 速度不足: http://phoneqq.qing.mgtv.com/nn_live/nn_x64/dWlwPTEwNi4xNC4zOC41NSZ0ZXJtPTUmcWlkPSZyYXV0aF9lbmFibGU9b2ZmJmNkbmV4X2lkPXFxX3Bob25lX2xpdmUmY2hzPSZkZWY9MSZzPTUzMzIyZWIzMjk2MzU5OTA4ODFkNzg3NjhiNDVkYzA5JnVpZD0mdXVpZD0wZDBjZjAzN2Y4YTgzNDUxNzhiOTNiYmJhYTVkZjIwZi02YTBlMjYzNyZ2PTImYXM9MCZlcz0xNzgxMDc4NDU3/HNGJMPP360.m3u8
   速度: 0.00KB/s <= 140KB/s | 数据量: 0.0KB | 总耗时: 0.41s
[2026-06-10 16:00:04] ❌ 测速失败: https://cdn8.163189.xyz/live/lhox/stream.m3u8
   错误: HTTPSConnectionPool(host='cdn8.163189.xyz', port=443): Read timed out. (read timeout=5) | 域名: cdn8.163189.xyz:443
[2026-06-10 16:00:05] ⚠️ 仅读取 0.1KB 数据: http://phonehwei.qing.mgtv.com/nn_live/nn_x64/dWlwPTEwNi4xNC4zOC41NSZ0ZXJtPTUmcWlkPSZyYXV0aF9lbmFibGU9b2ZmJmNkbmV4X2lkPWh3X3Bob25lJmNocz0mZGVmPTEmcz1iYjMwNWQ2YWY4MGNjOWRiM2U0ZDA1NjQxOGYxNThhMiZ1aWQ9JnV1aWQ9MzI4NWZjMDIxNTM0ZjEyMjY2NjI5MzUzNGVmNTcxOGUtNmEwZTI2Mzcmdj0yJmFzPTAmZXM9MTc4MTA4NDg3Ng,,/HNDSMPP360.m3u8
[2026-06-10 16:00:05] ⚠️ 速度不足: http://phonehwei.qing.mgtv.com/nn_live/nn_x64/dWlwPTEwNi4xNC4zOC41NSZ0ZXJtPTUmcWlkPSZyYXV0aF9lbmFibGU9b2ZmJmNkbmV4X2lkPWh3X3Bob25lJmNocz0mZGVmPTEmcz1iYjMwNWQ2YWY4MGNjOWRiM2U0ZDA1NjQxOGYxNThhMiZ1aWQ9JnV1aWQ9MzI4NWZjMDIxNTM0ZjEyMjY2NjI5MzUzNGVmNTcxOGUtNmEwZTI2Mzcmdj0yJmFzPTAmZXM9MTc4MTA4NDg3Ng,,/HNDSMPP360.m3u8
   速度: 132.81KB/s <= 140KB/s | 数据量: 0.1KB | 总耗时: 0.99s
[2026-06-10 16:00:06] ⚠️ 仅读取 0.3KB 数据: http://phoneal.qing.mgtv.com/nn_live/nn_x64/dWlwPTEwNi4xNC4zOC41NSZ0ZXJtPTUmcWlkPSZyYXV0aF9lbmFibGU9b2ZmJmNkbmV4X2lkPWFsX3Bob25lMyZjaHM9JmRlZj0xJnM9NDdkZmUwNzk1ODkwM2JkNGFlM2ZkNzJlNDQwMjlmZGUmdWlkPSZ1dWlkPWJlYTY1ODRjMzM3YTU2MzQ1YTRkYTI4NDBiNzBlNWRjLTZhMGUyNjM3JnY9MiZhcz0wJmVzPTE3ODEwODU2Nzg,/CSXWMPP360.m3u8
[2026-06-10 16:00:06] ✅ 测速成功: http://phoneal.qing.mgtv.com/nn_live/nn_x64/dWlwPTEwNi4xNC4zOC41NSZ0ZXJtPTUmcWlkPSZyYXV0aF9lbmFibGU9b2ZmJmNkbmV4X2lkPWFsX3Bob25lMyZjaHM9JmRlZj0xJnM9NDdkZmUwNzk1ODkwM2JkNGFlM2ZkNzJlNDQwMjlmZGUmdWlkPSZ1dWlkPWJlYTY1ODRjMzM3YTU2MzQ1YTRkYTI4NDBiNzBlNWRjLTZhMGUyNjM3JnY9MiZhcz0wJmVzPTE3ODEwODU2Nzg,/CSXWMPP360.m3u8
   速度: 304.69KB/s > 140KB/s | 数据量: 0.3KB | 总耗时: 0.74s
[2026-06-10 16:00:08] ✅ 测速成功: http://live.wanyuannews.com/wytv/hd/live.m3u8?zsicd
   速度: 45353.26KB/s > 140KB/s | 数据量: 104.0KB | 总耗时: 1.88s
[2026-06-10 16:00:09] ⚠️ 仅读取 2.8KB 数据: http://cdn.163189.xyz/live/hoy/stream.m3u8
[2026-06-10 16:00:09] ✅ 测速成功: http://cdn.163189.xyz/live/hoy/stream.m3u8
   速度: 2836.91KB/s > 140KB/s | 数据量: 2.8KB | 总耗时: 0.77s
[2026-06-10 16:00:14] ❌ 测速失败: http://cdn9.163189.xyz/smt1.1.php?id=inews_twn
   错误: HTTPConnectionPool(host='cdn9.163189.xyz', port=80): Read timed out. (read timeout=5) | 域名: cdn9.163189.xyz:80
[2026-06-10 16:00:15] ✅ 测速成功: https://rt-doc.rttv.com/dvr/rtdru/rtdru1080.m3u8
   速度: 14157.38KB/s > 140KB/s | 数据量: 107.2KB | 总耗时: 1.70s
[2026-06-10 16:00:17] ✅ 测速成功: https://rt-rtd.rttv.com/dvr/rtdoc/playlist_4500Kb.m3u8
   速度: 20813.42KB/s > 140KB/s | 数据量: 104.0KB | 总耗时: 1.62s
[2026-06-10 16:00:17] ⚠️ 仅读取 2.2KB 数据: https://d4ybyqrhce41r.cloudfront.net/v1/master/3fec3e5cac39a52b2132f9c66c83dae043dc17d4/prod-xumo-linear-nbcu-hlsv3/master.m3u8?ads.channelId=99991626
[2026-06-10 16:00:17] ✅ 测速成功: https://d4ybyqrhce41r.cloudfront.net/v1/master/3fec3e5cac39a52b2132f9c66c83dae043dc17d4/prod-xumo-linear-nbcu-hlsv3/master.m3u8?ads.channelId=99991626
   速度: 2154.30KB/s > 140KB/s | 数据量: 2.2KB | 总耗时: 0.35s
[2026-06-10 16:00:18] ⚠️ 仅读取 0.3KB 数据: https://amdlive-ch01-ctnd-com.akamaized.net/arirang_1ch/smil:arirang_1ch.smil/chunklist_b3256000_sleng.m3u8
[2026-06-10 16:00:18] ✅ 测速成功: https://amdlive-ch01-ctnd-com.akamaized.net/arirang_1ch/smil:arirang_1ch.smil/chunklist_b3256000_sleng.m3u8
   速度: 275.39KB/s > 140KB/s | 数据量: 0.3KB | 总耗时: 0.93s
[2026-06-10 16:00:18] ⚠️ 仅读取 1.8KB 数据: https://dbrb49pjoymg4.cloudfront.net/v1/master/3fec3e5cac39a52b2132f9c66c83dae043dc17d4/prod_default_xumo-ams-aws/master.m3u8?ads.xumo_channelId=99991276
[2026-06-10 16:00:18] ✅ 测速成功: https://dbrb49pjoymg4.cloudfront.net/v1/master/3fec3e5cac39a52b2132f9c66c83dae043dc17d4/prod_default_xumo-ams-aws/master.m3u8?ads.xumo_channelId=99991276
   速度: 1806.64KB/s > 140KB/s | 数据量: 1.8KB | 总耗时: 0.22s
[2026-06-10 16:00:19] ⚠️ 仅读取 0.5KB 数据: https://d2e1asnsl7br7b.cloudfront.net/7782e205e72f43aeb4a48ec97f66ebbe/index_5.m3u8
[2026-06-10 16:00:19] ✅ 测速成功: https://d2e1asnsl7br7b.cloudfront.net/7782e205e72f43aeb4a48ec97f66ebbe/index_5.m3u8
   速度: 546.88KB/s > 140KB/s | 数据量: 0.5KB | 总耗时: 0.18s
[2026-06-10 16:00:20] ⚠️ 仅读取 8.2KB 数据: https://ythls.armelin.one/channel/UCiWRSesvSYmY7YOyz0tv_zQ.m3u8
[2026-06-10 16:00:20] ✅ 测速成功: https://ythls.armelin.one/channel/UCiWRSesvSYmY7YOyz0tv_zQ.m3u8
   速度: 8237.30KB/s > 140KB/s | 数据量: 8.2KB | 总耗时: 1.53s
[2026-06-10 16:00:21] ⚠️ 仅读取 0.5KB 数据: https://live.streamingfast.net/osmflivech1.m3u8
[2026-06-10 16:00:21] ✅ 测速成功: https://live.streamingfast.net/osmflivech1.m3u8
   速度: 548.83KB/s > 140KB/s | 数据量: 0.5KB | 总耗时: 0.69s
[2026-06-10 16:00:21] ⚠️ 仅读取 0.8KB 数据: http://nmxlive.akamaized.net/hls/live/529965/Live_1/index.m3u8
[2026-06-10 16:00:21] ✅ 测速成功: http://nmxlive.akamaized.net/hls/live/529965/Live_1/index.m3u8
   速度: 802.73KB/s > 140KB/s | 数据量: 0.8KB | 总耗时: 0.26s
[2026-06-10 16:00:22] ⚠️ 仅读取 3.0KB 数据: https://cdn-apse1-prod.tsv2.amagi.tv/linear/amg01076-lightningintern-petclub-samsungnz/playlist.m3u8
[2026-06-10 16:00:22] ✅ 测速成功: https://cdn-apse1-prod.tsv2.amagi.tv/linear/amg01076-lightningintern-petclub-samsungnz/playlist.m3u8
   速度: 2957.03KB/s > 140KB/s | 数据量: 3.0KB | 总耗时: 0.96s
[2026-06-10 16:00:27] ✅ 测速成功: https://rt-arb.rttv.com/dvr/rtarab/playlist_4500Kb.m3u8
   速度: 19826.72KB/s > 140KB/s | 数据量: 104.0KB | 总耗时: 5.29s
[2026-06-10 16:00:29] ✅ 测速成功: https://rt-srb.rttv.com/dvr/rtbalkan/playlist_4500Kb.m3u8
   速度: 20527.42KB/s > 140KB/s | 数据量: 104.0KB | 总耗时: 1.51s
[2026-06-10 16:00:32] ✅ 测速成功: https://rt-ger.rttv.com/dvr/rtdeutsch/playlist_4500Kb.m3u8
   速度: 20861.20KB/s > 140KB/s | 数据量: 104.0KB | 总耗时: 2.65s
[2026-06-10 16:00:32] ✅ 测速成功: https://rt-esp.rttv.com/dvr/rtesp/playlist_4500Kb.m3u8
   速度: 49972.23KB/s > 140KB/s | 数据量: 104.0KB | 总耗时: 0.74s
[2026-06-10 16:00:33] ✅ 测速成功: https://rt-fra.rttv.com/dvr/rtfrance/playlist_4500Kb.m3u8
   速度: 19865.54KB/s > 140KB/s | 数据量: 104.0KB | 总耗时: 0.74s
[2026-06-10 16:00:33] ⚠️ 仅读取 0.1KB 数据: https://lbs-us1.suprememastertv.com/720p.m3u8
[2026-06-10 16:00:33] ⚠️ 速度不足: https://lbs-us1.suprememastertv.com/720p.m3u8
   速度: 136.72KB/s <= 140KB/s | 数据量: 0.1KB | 总耗时: 0.14s
[2026-06-10 16:00:34] ⚠️ 仅读取 0.5KB 数据: https://lightning-tracesport-samsungau.amagi.tv/playlist1080p.m3u8
[2026-06-10 16:00:34] ✅ 测速成功: https://lightning-tracesport-samsungau.amagi.tv/playlist1080p.m3u8
   速度: 525.39KB/s > 140KB/s | 数据量: 0.5KB | 总耗时: 0.57s
[2026-06-10 16:00:34] ⚠️ 仅读取 0.5KB 数据: https://wildearth-plex.amagi.tv/masterR1080p.m3u8
[2026-06-10 16:00:34] ✅ 测速成功: https://wildearth-plex.amagi.tv/masterR1080p.m3u8
   速度: 526.37KB/s > 140KB/s | 数据量: 0.5KB | 总耗时: 0.37s
[2026-06-10 16:00:35] ⚠️ 仅读取 0.4KB 数据: https://d7x8z4yuq42qn.cloudfront.net/index_7.m3u8
[2026-06-10 16:00:35] ✅ 测速成功: https://d7x8z4yuq42qn.cloudfront.net/index_7.m3u8
   速度: 443.36KB/s > 140KB/s | 数据量: 0.4KB | 总耗时: 0.82s
[2026-06-10 16:00:35] ✅ 测速成功: https://res.cctvnews.cctv.com/video/3005/record/cctv/merge1/133396667284143308839013005/8fbd6180bdef4da19f6155cf6b4652e1-4.m3u8
   速度: 1885.93KB/s > 140KB/s | 数据量: 104.0KB | 总耗时: 0.36s
[2026-06-10 16:00:36] ⚠️ 仅读取 0.3KB 数据: http://ottproxy2.ist.ooo/livehls/MOB-U1-NO/03.m3u8
[2026-06-10 16:00:36] ✅ 测速成功: http://ottproxy2.ist.ooo/livehls/MOB-U1-NO/03.m3u8
   速度: 328.12KB/s > 140KB/s | 数据量: 0.3KB | 总耗时: 0.67s
