测速日志 2025-06-17 09:49:15
[2025-06-17 09:49:17] ✅ 测速成功: https://0472.org/hls/cgtnd.m3u8
   速度: 125.98KB/s | 数据量: 0.1KB | 总耗时: 0.36s
[2025-06-17 09:49:17] ✅ 测速成功: https://0472.org/hls/cgtnf.m3u8
   速度: 183.59KB/s | 数据量: 0.2KB | 总耗时: 0.41s
[2025-06-17 09:49:17] ✅ 测速成功: https://0472.org/hls/cgtn.m3u8
   速度: 125.98KB/s | 数据量: 0.1KB | 总耗时: 0.42s
[2025-06-17 09:49:17] ✅ 测速成功: https://0472.org/hls/cgtnx.m3u8
   速度: 183.59KB/s | 数据量: 0.2KB | 总耗时: 0.42s
[2025-06-17 09:49:17] ✅ 测速成功: https://0472.org/hls/cgtne.m3u8
   速度: 182.62KB/s | 数据量: 0.2KB | 总耗时: 0.42s
[2025-06-17 09:49:17] ✅ 测速成功: http://38.64.72.148:80/hls/modn/list/4009/chunklist0.m3u8
   速度: 397.46KB/s | 数据量: 0.4KB | 总耗时: 0.08s
[2025-06-17 09:49:17] ✅ 测速成功: https://0472.org/hls/cgtna.m3u8
   速度: 182.62KB/s | 数据量: 0.2KB | 总耗时: 0.16s
[2025-06-17 09:49:17] ✅ 测速成功: https://epg.pw/stream/ac8062ec9484078061d3bef507c15a423ac57ae4144e3fcc4b0a198dd420f911.m3u8
   速度: 158.20KB/s | 数据量: 0.2KB | 总耗时: 0.77s
[2025-06-17 09:49:17] ✅ 测速成功: https://epg.pw/stream/6d7bf281e3d739806a73f5373acaa6e01988ec9739f5ac1355ce54b47a928472.m3u8
   速度: 124.02KB/s | 数据量: 0.1KB | 总耗时: 0.81s
[2025-06-17 09:49:17] ✅ 测速成功: http://gmxw.7766.org:808/hls/96/index.m3u8
   速度: 238.28KB/s | 数据量: 0.2KB | 总耗时: 0.82s
[2025-06-17 09:49:18] ✅ 测速成功: https://event.pull.hebtv.com/jishi/cp1.m3u8
   速度: 407.23KB/s | 数据量: 0.4KB | 总耗时: 1.22s
[2025-06-17 09:49:18] ✅ 测速成功: http://61.216.67.119:1935/bltvhd/bltv1/chunklist_w1266569526.m3u8
   速度: 3.56KB/s | 数据量: 0.6KB | 总耗时: 0.49s
[2025-06-17 09:49:18] ✅ 测速成功: https://event.pull.hebtv.com/jishi/cp2.m3u8
   速度: 407.23KB/s | 数据量: 0.4KB | 总耗时: 1.31s
[2025-06-17 09:49:18] ✅ 测速成功: http://112.101.78.50:9901/tsfile/live/1017_1.m3u8?key=txiptv&playlive=1&authid=0
   速度: 422.85KB/s | 数据量: 0.4KB | 总耗时: 0.88s
[2025-06-17 09:49:18] ✅ 测速成功: http://live.cztv.cc:85/live/ggpd.m3u8
   速度: 1.26KB/s | 数据量: 0.2KB | 总耗时: 1.10s
[2025-06-17 09:49:18] ✅ 测速成功: https://lotus.stingray.com/manifest/cmusic-cme004-montreal/samsungtvplus/dee3e3af-2706-3e77-a952-91b99f6d1819/5711200/manifest.m3u8
   速度: 2045.90KB/s | 数据量: 2.0KB | 总耗时: 0.23s
[2025-06-17 09:49:18] ✅ 测速成功: https://gitlab.com/p2v5/wangtv/-/raw/main/about1080p.mp4
   速度: 42795.85KB/s | 数据量: 8412.8KB | 总耗时: 0.49s
[2025-06-17 09:49:18] ✅ 测速成功: https://AMChls.wns.live/hls/stream.m3u8
   速度: 721.68KB/s | 数据量: 0.7KB | 总耗时: 0.45s
[2025-06-17 09:49:18] ✅ 测速成功: http://61.221.215.25:8800/hls/49/index.m3u8
   速度: 252.93KB/s | 数据量: 0.3KB | 总耗时: 0.34s
[2025-06-17 09:49:18] ✅ 测速成功: http://122.224.58.42:85/tsfile/live/1024_1.m3u8?key=txiptv&playlive=1&authid=0
   速度: 433.59KB/s | 数据量: 0.4KB | 总耗时: 1.05s
[2025-06-17 09:49:18] ✅ 测速成功: http://vip.lqcc.xyz:35455/mgtv/947472506.m3u8
   速度: 61.12KB/s | 数据量: 14.8KB | 总耗时: 1.50s
[2025-06-17 09:49:18] ✅ 测速成功: https://ali-m-l.cztv.com/channels/lantian/channel001/1080p.m3u8
   速度: 291.99KB/s | 数据量: 0.3KB | 总耗时: 1.65s
[2025-06-17 09:49:18] ✅ 测速成功: http://cctvtxyh5c.liveplay.myqcloud.com/cstv/xianggangweishi_2/index.m3u8
   速度: 108.40KB/s | 数据量: 0.1KB | 总耗时: 1.32s
[2025-06-17 09:49:19] ✅ 测速成功: http://ali-m-l.cztv.com/channels/lantian/channel004/1080p.m3u8
   速度: 291.99KB/s | 数据量: 0.3KB | 总耗时: 0.46s
[2025-06-17 09:49:19] ✅ 测速成功: http://ali-m-l.cztv.com/channels/lantian/channel002/1080p.m3u8
   速度: 291.99KB/s | 数据量: 0.3KB | 总耗时: 0.50s
[2025-06-17 09:49:19] ✅ 测速成功: http://ali-m-l.cztv.com/channels/lantian/channel001/1080p.m3u8
   速度: 291.99KB/s | 数据量: 0.3KB | 总耗时: 0.64s
[2025-06-17 09:49:19] ✅ 测速成功: http://ali-m-l.cztv.com/channels/lantian/channel003/1080p.m3u8
   速度: 291.99KB/s | 数据量: 0.3KB | 总耗时: 0.56s
[2025-06-17 09:49:19] ✅ 测速成功: https://test1.live.sdetv.com.cn/live/dianshizhibo/playlist.m3u8
   速度: 208.98KB/s | 数据量: 0.2KB | 总耗时: 1.91s
[2025-06-17 09:49:19] ✅ 测速成功: https://rthktv34-live.akamaized.net/hls/live/2101642/RTHKTV34/stream04/streamPlaylist.m3u8
   速度: 435.55KB/s | 数据量: 0.4KB | 总耗时: 0.95s
[2025-06-17 09:49:19] ✅ 测速成功: http://ali-m-l.cztv.com/channels/lantian/channel006/1080p.m3u8
   速度: 291.02KB/s | 数据量: 0.3KB | 总耗时: 0.65s
[2025-06-17 09:49:19] ✅ 测速成功: http://ali-m-l.cztv.com/channels/lantian/channel008/1080p.m3u8
   速度: 291.99KB/s | 数据量: 0.3KB | 总耗时: 0.50s
[2025-06-17 09:49:19] ✅ 测速成功: http://ali-m-l.cztv.com/channels/lantian/channel007/1080p.m3u8
   速度: 291.99KB/s | 数据量: 0.3KB | 总耗时: 0.51s
[2025-06-17 09:49:19] ✅ 测速成功: http://ali-m-l.cztv.com/channels/lantian/channel010/1080p.m3u8
   速度: 291.99KB/s | 数据量: 0.3KB | 总耗时: 0.59s
[2025-06-17 09:49:19] ✅ 测速成功: http://ali-m-l.cztv.com/channels/lantian/channel012/1080p.m3u8
   速度: 291.02KB/s | 数据量: 0.3KB | 总耗时: 0.58s
[2025-06-17 09:49:19] ✅ 测速成功: http://ali-m-l.cztv.com/channels/lantian/channel009/1080p.m3u8
   速度: 289.06KB/s | 数据量: 0.3KB | 总耗时: 0.62s
[2025-06-17 09:49:19] ✅ 测速成功: http://ali-m-l.cztv.com/channels/lantian/fm988/128k.m3u8
   速度: 286.13KB/s | 数据量: 0.3KB | 总耗时: 0.51s
[2025-06-17 09:49:19] ✅ 测速成功: http://ali-m-l.cztv.com/channels/lantian/fm88/128k.m3u8
   速度: 286.13KB/s | 数据量: 0.3KB | 总耗时: 0.55s
[2025-06-17 09:49:19] ✅ 测速成功: http://ali-m-l.cztv.com/channels/lantian/fm95/128k.m3u8
   速度: 286.13KB/s | 数据量: 0.3KB | 总耗时: 0.48s
[2025-06-17 09:49:20] ✅ 测速成功: http://ali-m-l.cztv.com/channels/lantian/fm968/128k.m3u8
   速度: 286.13KB/s | 数据量: 0.3KB | 总耗时: 0.64s
[2025-06-17 09:49:20] ✅ 测速成功: http://ali-m-l.cztv.com/channels/lantian/fm93/128k.m3u8
   速度: 286.13KB/s | 数据量: 0.3KB | 总耗时: 0.66s
[2025-06-17 09:49:20] ✅ 测速成功: http://ali-m-l.cztv.com/channels/lantian/fm996/128k.m3u8
   速度: 286.13KB/s | 数据量: 0.3KB | 总耗时: 0.68s
[2025-06-17 09:49:20] ✅ 测速成功: http://ali-m-l.cztv.com/channels/lantian/fm1045/128k.m3u8
   速度: 286.13KB/s | 数据量: 0.3KB | 总耗时: 0.41s
[2025-06-17 09:49:20] ✅ 测速成功: http://ali-m-l.cztv.com/channels/lantian/fm107/128k.m3u8
   速度: 286.13KB/s | 数据量: 0.3KB | 总耗时: 0.44s
[2025-06-17 09:49:20] ✅ 测速成功: https://cloud.video.taobao.com//play/u/57349687/p/1/e/6/t/1/240192067467.mp4
   速度: 52896.26KB/s | 数据量: 31831.9KB | 总耗时: 2.14s
[2025-06-17 09:49:21] ✅ 测速成功: http://liveflash.sxrtv.com/live/sxwshd.m3u8?sub_m3u8=true&edge_slice=true
   速度: 0.00KB/s | 数据量: 0.0KB | 总耗时: 2.11s
